# JRE version: Java(TM) SE Runtime Environment (23.0.1+11) (build 23.0.1+11-39)
# Java VM: Java HotSpot(TM) 64-Bit Server VM (23.0.1+11-39, mixed mode, sharing, tiered, compressed oops, compressed class ptrs, parallel gc, windows-amd64)
GC Precious Log:
 CardTable entry size: 512
 CPUs: 8 total, 8 available
 Memory: 7926M
 Large Page Support: Disabled
 NUMA Support: Disabled
 Compressed Oops: Enabled (32-bit)
 Alignments: Space 512K, Generation 512K, Heap 2M
 Heap Min Capacity: 100M
 Heap Initial Capacity: 100M
 Heap Max Capacity: 1G
 Pre-touch: Disabled
 Parallel Workers: 8
Heap:
 PSYoungGen      total 43008K, used 37767K [0x00000000eab00000, 0x00000000eed80000, 0x0000000100000000)
  eden space 33792K, 84% used [0x00000000eab00000,0x00000000ec6e3440,0x00000000ecc00000)
  from space 9216K, 99% used [0x00000000ecc00000,0x00000000ed4feb98,0x00000000ed500000)
  to   space 16896K, 0% used [0x00000000edd00000,0x00000000edd00000,0x00000000eed80000)
 ParOldGen       total 183296K, used 182809K [0x00000000c0000000, 0x00000000cb300000, 0x00000000eab00000)
  object space 183296K, 99% used [0x00000000c0000000,0x00000000cb286740,0x00000000cb300000)
 Metaspace       used 59753K, committed 61120K, reserved 1114112K
  class space    used 6368K, committed 7040K, reserved 1048576K
GC Heap History (20 events):
Event: 50.544 GC heap before
{Heap before GC invocations=57 (full 3):
 PSYoungGen      total 29184K, used 29163K [0x00000000eab00000, 0x00000000ece80000, 0x0000000100000000)
  eden space 28672K, 100% used [0x00000000eab00000,0x00000000ec700000,0x00000000ec700000)
  from space 512K, 96% used [0x00000000ec700000,0x00000000ec77afa8,0x00000000ec780000)
  to   space 3072K, 0% used [0x00000000ecb80000,0x00000000ecb80000,0x00000000ece80000)
 ParOldGen       total 143872K, used 143178K [0x00000000c0000000, 0x00000000c8c80000, 0x00000000eab00000)
  object space 143872K, 99% used [0x00000000c0000000,0x00000000c8bd2860,0x00000000c8c80000)
 Metaspace       used 59683K, committed 61056K, reserved 1114112K
  class space    used 6365K, committed 7040K, reserved 1048576K
}
Event: 50.546 GC heap after
{Heap after GC invocations=57 (full 3):
 PSYoungGen      total 29184K, used 29163K [0x00000000eab00000, 0x00000000ece80000, 0x0000000100000000)
  eden space 28672K, 100% used [0x00000000eab00000,0x00000000ec700000,0x00000000ec700000)
  from space 512K, 96% used [0x00000000ec700000,0x00000000ec77afa8,0x00000000ec780000)
  to   space 3072K, 20% used [0x00000000ecb80000,0x00000000ecc1ddd8,0x00000000ece80000)
 ParOldGen       total 143872K, used 143450K [0x00000000c0000000, 0x00000000c8c80000, 0x00000000eab00000)
  object space 143872K, 99% used [0x00000000c0000000,0x00000000c8c16ae0,0x00000000c8c80000)
 Metaspace       used 59683K, committed 61056K, reserved 1114112K
  class space    used 6365K, committed 7040K, reserved 1048576K
}
Event: 50.546 GC heap before
{Heap before GC invocations=58 (full 4):
 PSYoungGen      total 29184K, used 29163K [0x00000000eab00000, 0x00000000ece80000, 0x0000000100000000)
  eden space 28672K, 100% used [0x00000000eab00000,0x00000000ec700000,0x00000000ec700000)
  from space 512K, 96% used [0x00000000ec700000,0x00000000ec77afa8,0x00000000ec780000)
  to   space 3072K, 20% used [0x00000000ecb80000,0x00000000ecc1ddd8,0x00000000ece80000)
 ParOldGen       total 143872K, used 143450K [0x00000000c0000000, 0x00000000c8c80000, 0x00000000eab00000)
  object space 143872K, 99% used [0x00000000c0000000,0x00000000c8c16ae0,0x00000000c8c80000)
 Metaspace       used 59683K, committed 61056K, reserved 1114112K
  class space    used 6365K, committed 7040K, reserved 1048576K
}
Event: 50.791 GC heap after
{Heap after GC invocations=58 (full 4):
 PSYoungGen      total 29696K, used 15755K [0x00000000eab00000, 0x00000000ecc80000, 0x0000000100000000)
  eden space 28672K, 54% used [0x00000000eab00000,0x00000000eba62d40,0x00000000ec700000)
  from space 1024K, 0% used [0x00000000ecb80000,0x00000000ecb80000,0x00000000ecc80000)
  to   space 512K, 0% used [0x00000000ec700000,0x00000000ec700000,0x00000000ec780000)
 ParOldGen       total 143872K, used 131411K [0x00000000c0000000, 0x00000000c8c80000, 0x00000000eab00000)
  object space 143872K, 91% used [0x00000000c0000000,0x00000000c8054c18,0x00000000c8c80000)
 Metaspace       used 59683K, committed 61056K, reserved 1114112K
  class space    used 6365K, committed 7040K, reserved 1048576K
}
Event: 50.816 GC heap before
{Heap before GC invocations=59 (full 4):
 PSYoungGen      total 29696K, used 18438K [0x00000000eab00000, 0x00000000ecc80000, 0x0000000100000000)
  eden space 28672K, 64% used [0x00000000eab00000,0x00000000ebd019d8,0x00000000ec700000)
  from space 1024K, 0% used [0x00000000ecb80000,0x00000000ecb80000,0x00000000ecc80000)
  to   space 512K, 0% used [0x00000000ec700000,0x00000000ec700000,0x00000000ec780000)
 ParOldGen       total 143872K, used 131411K [0x00000000c0000000, 0x00000000c8c80000, 0x00000000eab00000)
  object space 143872K, 91% used [0x00000000c0000000,0x00000000c8054c18,0x00000000c8c80000)
 Metaspace       used 59685K, committed 61056K, reserved 1114112K
  class space    used 6366K, committed 7040K, reserved 1048576K
}
Event: 50.830 GC heap after
{Heap after GC invocations=59 (full 4):
 PSYoungGen      total 29696K, used 18438K [0x00000000eab00000, 0x00000000ecc80000, 0x0000000100000000)
  eden space 28672K, 64% used [0x00000000eab00000,0x00000000ebd019d8,0x00000000ec700000)
  from space 1024K, 0% used [0x00000000ecb80000,0x00000000ecb80000,0x00000000ecc80000)
  to   space 512K, 94% used [0x00000000ec700000,0x00000000ec778af8,0x00000000ec780000)
 ParOldGen       total 143872K, used 131455K [0x00000000c0000000, 0x00000000c8c80000, 0x00000000eab00000)
  object space 143872K, 91% used [0x00000000c0000000,0x00000000c805fef8,0x00000000c8c80000)
 Metaspace       used 59685K, committed 61056K, reserved 1114112K
  class space    used 6366K, committed 7040K, reserved 1048576K
}
Event: 50.830 GC heap before
{Heap before GC invocations=60 (full 5):
 PSYoungGen      total 29696K, used 18438K [0x00000000eab00000, 0x00000000ecc80000, 0x0000000100000000)
  eden space 28672K, 64% used [0x00000000eab00000,0x00000000ebd019d8,0x00000000ec700000)
  from space 1024K, 0% used [0x00000000ecb80000,0x00000000ecb80000,0x00000000ecc80000)
  to   space 512K, 94% used [0x00000000ec700000,0x00000000ec778af8,0x00000000ec780000)
 ParOldGen       total 143872K, used 131455K [0x00000000c0000000, 0x00000000c8c80000, 0x00000000eab00000)
  object space 143872K, 91% used [0x00000000c0000000,0x00000000c805fef8,0x00000000c8c80000)
 Metaspace       used 59685K, committed 61056K, reserved 1114112K
  class space    used 6366K, committed 7040K, reserved 1048576K
}
Event: 50.964 GC heap after
{Heap after GC invocations=60 (full 5):
 PSYoungGen      total 29184K, used 15690K [0x00000000eab00000, 0x00000000ece00000, 0x0000000100000000)
  eden space 28672K, 54% used [0x00000000eab00000,0x00000000eba52930,0x00000000ec700000)
  from space 512K, 0% used [0x00000000ec700000,0x00000000ec700000,0x00000000ec780000)
  to   space 1024K, 0% used [0x00000000ecb80000,0x00000000ecb80000,0x00000000ecc80000)
 ParOldGen       total 143872K, used 131372K [0x00000000c0000000, 0x00000000c8c80000, 0x00000000eab00000)
  object space 143872K, 91% used [0x00000000c0000000,0x00000000c804b350,0x00000000c8c80000)
 Metaspace       used 59685K, committed 61056K, reserved 1114112K
  class space    used 6366K, committed 7040K, reserved 1048576K
}
Event: 50.975 GC heap before
{Heap before GC invocations=61 (full 5):
 PSYoungGen      total 29184K, used 28672K [0x00000000eab00000, 0x00000000ece00000, 0x0000000100000000)
  eden space 28672K, 100% used [0x00000000eab00000,0x00000000ec700000,0x00000000ec700000)
  from space 512K, 0% used [0x00000000ec700000,0x00000000ec700000,0x00000000ec780000)
  to   space 1024K, 0% used [0x00000000ecb80000,0x00000000ecb80000,0x00000000ecc80000)
 ParOldGen       total 143872K, used 131372K [0x00000000c0000000, 0x00000000c8c80000, 0x00000000eab00000)
  object space 143872K, 91% used [0x00000000c0000000,0x00000000c804b350,0x00000000c8c80000)
 Metaspace       used 59685K, committed 61056K, reserved 1114112K
  class space    used 6366K, committed 7040K, reserved 1048576K
}
Event: 51.000 GC heap after
{Heap after GC invocations=61 (full 5):
 PSYoungGen      total 29184K, used 28672K [0x00000000eab00000, 0x00000000ece00000, 0x0000000100000000)
  eden space 28672K, 100% used [0x00000000eab00000,0x00000000ec700000,0x00000000ec700000)
  from space 512K, 0% used [0x00000000ec700000,0x00000000ec700000,0x00000000ec780000)
  to   space 1024K, 50% used [0x00000000ecb80000,0x00000000ecc00af8,0x00000000ecc80000)
 ParOldGen       total 143872K, used 142390K [0x00000000c0000000, 0x00000000c8c80000, 0x00000000eab00000)
  object space 143872K, 98% used [0x00000000c0000000,0x00000000c8b0d8f0,0x00000000c8c80000)
 Metaspace       used 59685K, committed 61056K, reserved 1114112K
  class space    used 6366K, committed 7040K, reserved 1048576K
}
Event: 51.000 GC heap before
{Heap before GC invocations=62 (full 6):
 PSYoungGen      total 29184K, used 28672K [0x00000000eab00000, 0x00000000ece00000, 0x0000000100000000)
  eden space 28672K, 100% used [0x00000000eab00000,0x00000000ec700000,0x00000000ec700000)
  from space 512K, 0% used [0x00000000ec700000,0x00000000ec700000,0x00000000ec780000)
  to   space 1024K, 50% used [0x00000000ecb80000,0x00000000ecc00af8,0x00000000ecc80000)
 ParOldGen       total 143872K, used 142390K [0x00000000c0000000, 0x00000000c8c80000, 0x00000000eab00000)
  object space 143872K, 98% used [0x00000000c0000000,0x00000000c8b0d8f0,0x00000000c8c80000)
 Metaspace       used 59685K, committed 61056K, reserved 1114112K
  class space    used 6366K, committed 7040K, reserved 1048576K
}
Event: 51.143 GC heap after
{Heap after GC invocations=62 (full 6):
 PSYoungGen      total 29696K, used 15724K [0x00000000eab00000, 0x00000000ece00000, 0x0000000100000000)
  eden space 28672K, 54% used [0x00000000eab00000,0x00000000eba5b1e8,0x00000000ec700000)
  from space 1024K, 0% used [0x00000000ecb80000,0x00000000ecb80000,0x00000000ecc80000)
  to   space 512K, 0% used [0x00000000ec700000,0x00000000ec700000,0x00000000ec780000)
 ParOldGen       total 143872K, used 142382K [0x00000000c0000000, 0x00000000c8c80000, 0x00000000eab00000)
  object space 143872K, 98% used [0x00000000c0000000,0x00000000c8b0b838,0x00000000c8c80000)
 Metaspace       used 59685K, committed 61056K, reserved 1114112K
  class space    used 6366K, committed 7040K, reserved 1048576K
}
Event: 51.194 GC heap before
{Heap before GC invocations=63 (full 6):
 PSYoungGen      total 29696K, used 24421K [0x00000000eab00000, 0x00000000ece00000, 0x0000000100000000)
  eden space 28672K, 85% used [0x00000000eab00000,0x00000000ec2d9788,0x00000000ec700000)
  from space 1024K, 0% used [0x00000000ecb80000,0x00000000ecb80000,0x00000000ecc80000)
  to   space 512K, 0% used [0x00000000ec700000,0x00000000ec700000,0x00000000ec780000)
 ParOldGen       total 143872K, used 142382K [0x00000000c0000000, 0x00000000c8c80000, 0x00000000eab00000)
  object space 143872K, 98% used [0x00000000c0000000,0x00000000c8b0b838,0x00000000c8c80000)
 Metaspace       used 59687K, committed 61056K, reserved 1114112K
  class space    used 6366K, committed 7040K, reserved 1048576K
}
Event: 51.217 GC heap after
{Heap after GC invocations=63 (full 6):
 PSYoungGen      total 29696K, used 24421K [0x00000000eab00000, 0x00000000ece00000, 0x0000000100000000)
  eden space 28672K, 85% used [0x00000000eab00000,0x00000000ec2d9788,0x00000000ec700000)
  from space 1024K, 0% used [0x00000000ecb80000,0x00000000ecb80000,0x00000000ecc80000)
  to   space 512K, 94% used [0x00000000ec700000,0x00000000ec7788b8,0x00000000ec780000)
 ParOldGen       total 143872K, used 142646K [0x00000000c0000000, 0x00000000c8c80000, 0x00000000eab00000)
  object space 143872K, 99% used [0x00000000c0000000,0x00000000c8b4d838,0x00000000c8c80000)
 Metaspace       used 59687K, committed 61056K, reserved 1114112K
  class space    used 6366K, committed 7040K, reserved 1048576K
}
Event: 51.217 GC heap before
{Heap before GC invocations=64 (full 7):
 PSYoungGen      total 29696K, used 24421K [0x00000000eab00000, 0x00000000ece00000, 0x0000000100000000)
  eden space 28672K, 85% used [0x00000000eab00000,0x00000000ec2d9788,0x00000000ec700000)
  from space 1024K, 0% used [0x00000000ecb80000,0x00000000ecb80000,0x00000000ecc80000)
  to   space 512K, 94% used [0x00000000ec700000,0x00000000ec7788b8,0x00000000ec780000)
 ParOldGen       total 143872K, used 142646K [0x00000000c0000000, 0x00000000c8c80000, 0x00000000eab00000)
  object space 143872K, 99% used [0x00000000c0000000,0x00000000c8b4d838,0x00000000c8c80000)
 Metaspace       used 59687K, committed 61056K, reserved 1114112K
  class space    used 6366K, committed 7040K, reserved 1048576K
}
Event: 51.323 GC heap after
{Heap after GC invocations=64 (full 7):
 PSYoungGen      total 29184K, used 0K [0x00000000eab00000, 0x00000000ece00000, 0x0000000100000000)
  eden space 28672K, 0% used [0x00000000eab00000,0x00000000eab00000,0x00000000ec700000)
  from space 512K, 0% used [0x00000000ec700000,0x00000000ec700000,0x00000000ec780000)
  to   space 3072K, 0% used [0x00000000ecb00000,0x00000000ecb00000,0x00000000ece00000)
 ParOldGen       total 143872K, used 143019K [0x00000000c0000000, 0x00000000c8c80000, 0x00000000eab00000)
  object space 143872K, 99% used [0x00000000c0000000,0x00000000c8baade8,0x00000000c8c80000)
 Metaspace       used 59687K, committed 61056K, reserved 1114112K
  class space    used 6366K, committed 7040K, reserved 1048576K
}
Event: 51.617 GC heap before
{Heap before GC invocations=65 (full 7):
 PSYoungGen      total 29184K, used 28672K [0x00000000eab00000, 0x00000000ece00000, 0x0000000100000000)
  eden space 28672K, 100% used [0x00000000eab00000,0x00000000ec700000,0x00000000ec700000)
  from space 512K, 0% used [0x00000000ec700000,0x00000000ec700000,0x00000000ec780000)
  to   space 3072K, 0% used [0x00000000ecb00000,0x00000000ecb00000,0x00000000ece00000)
 ParOldGen       total 143872K, used 143019K [0x00000000c0000000, 0x00000000c8c80000, 0x00000000eab00000)
  object space 143872K, 99% used [0x00000000c0000000,0x00000000c8baade8,0x00000000c8c80000)
 Metaspace       used 59701K, committed 61120K, reserved 1114112K
  class space    used 6366K, committed 7040K, reserved 1048576K
}
Event: 51.629 GC heap after
{Heap after GC invocations=65 (full 7):
 PSYoungGen      total 32768K, used 2389K [0x00000000eab00000, 0x00000000ece00000, 0x0000000100000000)
  eden space 29696K, 0% used [0x00000000eab00000,0x00000000eab00000,0x00000000ec800000)
  from space 3072K, 77% used [0x00000000ecb00000,0x00000000ecd556a8,0x00000000ece00000)
  to   space 3072K, 0% used [0x00000000ec800000,0x00000000ec800000,0x00000000ecb00000)
 ParOldGen       total 155136K, used 154028K [0x00000000c0000000, 0x00000000c9780000, 0x00000000eab00000)
  object space 155136K, 99% used [0x00000000c0000000,0x00000000c966b388,0x00000000c9780000)
 Metaspace       used 59701K, committed 61120K, reserved 1114112K
  class space    used 6366K, committed 7040K, reserved 1048576K
}
Event: 52.019 GC heap before
{Heap before GC invocations=66 (full 7):
 PSYoungGen      total 32768K, used 32085K [0x00000000eab00000, 0x00000000ece00000, 0x0000000100000000)
  eden space 29696K, 99% used [0x00000000eab00000,0x00000000ec7ffff0,0x00000000ec800000)
  from space 3072K, 77% used [0x00000000ecb00000,0x00000000ecd556a8,0x00000000ece00000)
  to   space 3072K, 0% used [0x00000000ec800000,0x00000000ec800000,0x00000000ecb00000)
 ParOldGen       total 155136K, used 154028K [0x00000000c0000000, 0x00000000c9780000, 0x00000000eab00000)
  object space 155136K, 99% used [0x00000000c0000000,0x00000000c966b388,0x00000000c9780000)
 Metaspace       used 59736K, committed 61120K, reserved 1114112K
  class space    used 6368K, committed 7040K, reserved 1048576K
}
Event: 52.031 GC heap after
{Heap after GC invocations=66 (full 7):
 PSYoungGen      total 32768K, used 3058K [0x00000000eab00000, 0x00000000ee400000, 0x0000000100000000)
  eden space 29696K, 0% used [0x00000000eab00000,0x00000000eab00000,0x00000000ec800000)
  from space 3072K, 99% used [0x00000000ec800000,0x00000000ecafc840,0x00000000ecb00000)
  to   space 13824K, 0% used [0x00000000ed680000,0x00000000ed680000,0x00000000ee400000)
 ParOldGen       total 162816K, used 162745K [0x00000000c0000000, 0x00000000c9f00000, 0x00000000eab00000)
  object space 162816K, 99% used [0x00000000c0000000,0x00000000c9eee410,0x00000000c9f00000)
 Metaspace       used 59736K, committed 61120K, reserved 1114112K
  class space    used 6368K, committed 7040K, reserved 1048576K
}

