# JRE version: Java(TM) SE Runtime Environment (23.0.1+11) (build 23.0.1+11-39)
# Java VM: Java HotSpot(TM) 64-Bit Server VM (23.0.1+11-39, mixed mode, sharing, tiered, compressed oops, compressed class ptrs, parallel gc, windows-amd64)
GC Precious Log:
 CardTable entry size: 512
 CPUs: 8 total, 8 available
 Memory: 7926M
 Large Page Support: Disabled
 NUMA Support: Disabled
 Compressed Oops: Enabled (32-bit)
 Alignments: Space 512K, Generation 512K, Heap 2M
 Heap Min Capacity: 100M
 Heap Initial Capacity: 100M
 Heap Max Capacity: 1G
 Pre-touch: Disabled
 Parallel Workers: 8
Heap:
 PSYoungGen      total 26112K, used 26108K [0x00000000eab00000, 0x00000000eec80000, 0x0000000100000000)
  eden space 19968K, 100% used [0x00000000eab00000,0x00000000ebe80000,0x00000000ebe80000)
  from space 6144K, 99% used [0x00000000ed200000,0x00000000ed7ff088,0x00000000ed800000)
  to   space 19968K, 27% used [0x00000000ebe80000,0x00000000ec3cccf0,0x00000000ed200000)
 ParOldGen       total 135168K, used 135162K [0x00000000c0000000, 0x00000000c8400000, 0x00000000eab00000)
  object space 135168K, 99% used [0x00000000c0000000,0x00000000c83fead0,0x00000000c8400000)
 Metaspace       used 59293K, committed 60736K, reserved 1114112K
  class space    used 6432K, committed 7040K, reserved 1048576K
GC Heap History (20 events):
Event: 48.607 GC heap before
{Heap before GC invocations=30 (full 2):
 PSYoungGen      total 30720K, used 30289K [0x00000000eab00000, 0x00000000ecc00000, 0x0000000100000000)
  eden space 28160K, 100% used [0x00000000eab00000,0x00000000ec680000,0x00000000ec680000)
  from space 2560K, 83% used [0x00000000ec680000,0x00000000ec894728,0x00000000ec900000)
  to   space 2560K, 0% used [0x00000000ec980000,0x00000000ec980000,0x00000000ecc00000)
 ParOldGen       total 68608K, used 61256K [0x00000000c0000000, 0x00000000c4300000, 0x00000000eab00000)
  object space 68608K, 89% used [0x00000000c0000000,0x00000000c3bd2100,0x00000000c4300000)
 Metaspace       used 58193K, committed 59648K, reserved 1114112K
  class space    used 6312K, committed 6912K, reserved 1048576K
}
Event: 48.613 GC heap after
{Heap after GC invocations=30 (full 2):
 PSYoungGen      total 27136K, used 2555K [0x00000000eab00000, 0x00000000ed300000, 0x0000000100000000)
  eden space 24576K, 0% used [0x00000000eab00000,0x00000000eab00000,0x00000000ec300000)
  from space 2560K, 99% used [0x00000000ec980000,0x00000000ecbfefc0,0x00000000ecc00000)
  to   space 6656K, 0% used [0x00000000ec300000,0x00000000ec300000,0x00000000ec980000)
 ParOldGen       total 68608K, used 64421K [0x00000000c0000000, 0x00000000c4300000, 0x00000000eab00000)
  object space 68608K, 93% used [0x00000000c0000000,0x00000000c3ee9518,0x00000000c4300000)
 Metaspace       used 58193K, committed 59648K, reserved 1114112K
  class space    used 6312K, committed 6912K, reserved 1048576K
}
Event: 48.686 GC heap before
{Heap before GC invocations=31 (full 3):
 PSYoungGen      total 27136K, used 8109K [0x00000000eab00000, 0x00000000ed300000, 0x0000000100000000)
  eden space 24576K, 22% used [0x00000000eab00000,0x00000000eb06c7e8,0x00000000ec300000)
  from space 2560K, 99% used [0x00000000ec980000,0x00000000ecbfefc0,0x00000000ecc00000)
  to   space 6656K, 0% used [0x00000000ec300000,0x00000000ec300000,0x00000000ec980000)
 ParOldGen       total 68608K, used 64421K [0x00000000c0000000, 0x00000000c4300000, 0x00000000eab00000)
  object space 68608K, 93% used [0x00000000c0000000,0x00000000c3ee9518,0x00000000c4300000)
 Metaspace       used 58372K, committed 59776K, reserved 1114112K
  class space    used 6334K, committed 6912K, reserved 1048576K
}
Event: 48.807 GC heap after
{Heap after GC invocations=31 (full 3):
 PSYoungGen      total 27136K, used 0K [0x00000000eab00000, 0x00000000ed300000, 0x0000000100000000)
  eden space 24576K, 0% used [0x00000000eab00000,0x00000000eab00000,0x00000000ec300000)
  from space 2560K, 0% used [0x00000000ec980000,0x00000000ec980000,0x00000000ecc00000)
  to   space 6656K, 0% used [0x00000000ec300000,0x00000000ec300000,0x00000000ec980000)
 ParOldGen       total 68608K, used 57204K [0x00000000c0000000, 0x00000000c4300000, 0x00000000eab00000)
  object space 68608K, 83% used [0x00000000c0000000,0x00000000c37dd200,0x00000000c4300000)
 Metaspace       used 58372K, committed 59776K, reserved 1114112K
  class space    used 6334K, committed 6912K, reserved 1048576K
}
Event: 49.059 GC heap before
{Heap before GC invocations=32 (full 3):
 PSYoungGen      total 27136K, used 24576K [0x00000000eab00000, 0x00000000ed300000, 0x0000000100000000)
  eden space 24576K, 100% used [0x00000000eab00000,0x00000000ec300000,0x00000000ec300000)
  from space 2560K, 0% used [0x00000000ec980000,0x00000000ec980000,0x00000000ecc00000)
  to   space 6656K, 0% used [0x00000000ec300000,0x00000000ec300000,0x00000000ec980000)
 ParOldGen       total 68608K, used 57204K [0x00000000c0000000, 0x00000000c4300000, 0x00000000eab00000)
  object space 68608K, 83% used [0x00000000c0000000,0x00000000c37dd200,0x00000000c4300000)
 Metaspace       used 58539K, committed 59904K, reserved 1114112K
  class space    used 6352K, committed 6912K, reserved 1048576K
}
Event: 49.066 GC heap after
{Heap after GC invocations=32 (full 3):
 PSYoungGen      total 28672K, used 4236K [0x00000000eab00000, 0x00000000ecc80000, 0x0000000100000000)
  eden space 24064K, 0% used [0x00000000eab00000,0x00000000eab00000,0x00000000ec280000)
  from space 4608K, 91% used [0x00000000ec300000,0x00000000ec723118,0x00000000ec780000)
  to   space 5120K, 0% used [0x00000000ec780000,0x00000000ec780000,0x00000000ecc80000)
 ParOldGen       total 68608K, used 57212K [0x00000000c0000000, 0x00000000c4300000, 0x00000000eab00000)
  object space 68608K, 83% used [0x00000000c0000000,0x00000000c37df200,0x00000000c4300000)
 Metaspace       used 58539K, committed 59904K, reserved 1114112K
  class space    used 6352K, committed 6912K, reserved 1048576K
}
Event: 49.317 GC heap before
{Heap before GC invocations=33 (full 3):
 PSYoungGen      total 28672K, used 28300K [0x00000000eab00000, 0x00000000ecc80000, 0x0000000100000000)
  eden space 24064K, 100% used [0x00000000eab00000,0x00000000ec280000,0x00000000ec280000)
  from space 4608K, 91% used [0x00000000ec300000,0x00000000ec723118,0x00000000ec780000)
  to   space 5120K, 0% used [0x00000000ec780000,0x00000000ec780000,0x00000000ecc80000)
 ParOldGen       total 68608K, used 57215K [0x00000000c0000000, 0x00000000c4300000, 0x00000000eab00000)
  object space 68608K, 83% used [0x00000000c0000000,0x00000000c37dff08,0x00000000c4300000)
 Metaspace       used 58668K, committed 60032K, reserved 1114112K
  class space    used 6367K, committed 6976K, reserved 1048576K
}
Event: 49.326 GC heap after
{Heap after GC invocations=33 (full 3):
 PSYoungGen      total 29696K, used 3440K [0x00000000eab00000, 0x00000000ecc00000, 0x0000000100000000)
  eden space 25088K, 0% used [0x00000000eab00000,0x00000000eab00000,0x00000000ec380000)
  from space 4608K, 74% used [0x00000000ec780000,0x00000000ecadc2f8,0x00000000ecc00000)
  to   space 4096K, 0% used [0x00000000ec380000,0x00000000ec380000,0x00000000ec780000)
 ParOldGen       total 68608K, used 63819K [0x00000000c0000000, 0x00000000c4300000, 0x00000000eab00000)
  object space 68608K, 93% used [0x00000000c0000000,0x00000000c3e52e10,0x00000000c4300000)
 Metaspace       used 58668K, committed 60032K, reserved 1114112K
  class space    used 6367K, committed 6976K, reserved 1048576K
}
Event: 49.692 GC heap before
{Heap before GC invocations=34 (full 3):
 PSYoungGen      total 29696K, used 28528K [0x00000000eab00000, 0x00000000ecc00000, 0x0000000100000000)
  eden space 25088K, 99% used [0x00000000eab00000,0x00000000ec37ffc0,0x00000000ec380000)
  from space 4608K, 74% used [0x00000000ec780000,0x00000000ecadc2f8,0x00000000ecc00000)
  to   space 4096K, 0% used [0x00000000ec380000,0x00000000ec380000,0x00000000ec780000)
 ParOldGen       total 83968K, used 79139K [0x00000000c0000000, 0x00000000c5200000, 0x00000000eab00000)
  object space 83968K, 94% used [0x00000000c0000000,0x00000000c4d48e20,0x00000000c5200000)
 Metaspace       used 58712K, committed 60096K, reserved 1114112K
  class space    used 6371K, committed 6976K, reserved 1048576K
}
Event: 49.699 GC heap after
{Heap after GC invocations=34 (full 3):
 PSYoungGen      total 29184K, used 2165K [0x00000000eab00000, 0x00000000ecc00000, 0x0000000100000000)
  eden space 25088K, 0% used [0x00000000eab00000,0x00000000eab00000,0x00000000ec380000)
  from space 4096K, 52% used [0x00000000ec380000,0x00000000ec59d7a0,0x00000000ec780000)
  to   space 3072K, 0% used [0x00000000ec900000,0x00000000ec900000,0x00000000ecc00000)
 ParOldGen       total 83968K, used 82401K [0x00000000c0000000, 0x00000000c5200000, 0x00000000eab00000)
  object space 83968K, 98% used [0x00000000c0000000,0x00000000c5078490,0x00000000c5200000)
 Metaspace       used 58712K, committed 60096K, reserved 1114112K
  class space    used 6371K, committed 6976K, reserved 1048576K
}
Event: 49.929 GC heap before
{Heap before GC invocations=35 (full 3):
 PSYoungGen      total 29184K, used 21258K [0x00000000eab00000, 0x00000000ecc00000, 0x0000000100000000)
  eden space 25088K, 76% used [0x00000000eab00000,0x00000000ebda5308,0x00000000ec380000)
  from space 4096K, 52% used [0x00000000ec380000,0x00000000ec59d7a0,0x00000000ec780000)
  to   space 3072K, 0% used [0x00000000ec900000,0x00000000ec900000,0x00000000ecc00000)
 ParOldGen       total 83968K, used 82401K [0x00000000c0000000, 0x00000000c5200000, 0x00000000eab00000)
  object space 83968K, 98% used [0x00000000c0000000,0x00000000c5078490,0x00000000c5200000)
 Metaspace       used 58848K, committed 60288K, reserved 1114112K
  class space    used 6389K, committed 6976K, reserved 1048576K
}
Event: 49.949 GC heap after
{Heap after GC invocations=35 (full 3):
 PSYoungGen      total 32256K, used 836K [0x00000000eab00000, 0x00000000ecc00000, 0x0000000100000000)
  eden space 29184K, 0% used [0x00000000eab00000,0x00000000eab00000,0x00000000ec780000)
  from space 3072K, 27% used [0x00000000ec900000,0x00000000ec9d10a0,0x00000000ecc00000)
  to   space 1536K, 0% used [0x00000000ec780000,0x00000000ec780000,0x00000000ec900000)
 ParOldGen       total 95744K, used 95483K [0x00000000c0000000, 0x00000000c5d80000, 0x00000000eab00000)
  object space 95744K, 99% used [0x00000000c0000000,0x00000000c5d3edd8,0x00000000c5d80000)
 Metaspace       used 58848K, committed 60288K, reserved 1114112K
  class space    used 6389K, committed 6976K, reserved 1048576K
}
Event: 50.389 GC heap before
{Heap before GC invocations=36 (full 3):
 PSYoungGen      total 32256K, used 30020K [0x00000000eab00000, 0x00000000ecc00000, 0x0000000100000000)
  eden space 29184K, 100% used [0x00000000eab00000,0x00000000ec780000,0x00000000ec780000)
  from space 3072K, 27% used [0x00000000ec900000,0x00000000ec9d10a0,0x00000000ecc00000)
  to   space 1536K, 0% used [0x00000000ec780000,0x00000000ec780000,0x00000000ec900000)
 ParOldGen       total 95744K, used 95483K [0x00000000c0000000, 0x00000000c5d80000, 0x00000000eab00000)
  object space 95744K, 99% used [0x00000000c0000000,0x00000000c5d3edd8,0x00000000c5d80000)
 Metaspace       used 58906K, committed 60416K, reserved 1114112K
  class space    used 6395K, committed 7040K, reserved 1048576K
}
Event: 50.402 GC heap after
{Heap after GC invocations=36 (full 3):
 PSYoungGen      total 30208K, used 1513K [0x00000000eab00000, 0x00000000ee800000, 0x0000000100000000)
  eden space 28672K, 0% used [0x00000000eab00000,0x00000000eab00000,0x00000000ec700000)
  from space 1536K, 98% used [0x00000000ec780000,0x00000000ec8fa640,0x00000000ec900000)
  to   space 16896K, 0% used [0x00000000ed780000,0x00000000ed780000,0x00000000ee800000)
 ParOldGen       total 108544K, used 108264K [0x00000000c0000000, 0x00000000c6a00000, 0x00000000eab00000)
  object space 108544K, 99% used [0x00000000c0000000,0x00000000c69ba270,0x00000000c6a00000)
 Metaspace       used 58906K, committed 60416K, reserved 1114112K
  class space    used 6395K, committed 7040K, reserved 1048576K
}
Event: 51.608 GC heap before
{Heap before GC invocations=37 (full 3):
 PSYoungGen      total 30208K, used 30185K [0x00000000eab00000, 0x00000000ee800000, 0x0000000100000000)
  eden space 28672K, 100% used [0x00000000eab00000,0x00000000ec700000,0x00000000ec700000)
  from space 1536K, 98% used [0x00000000ec780000,0x00000000ec8fa640,0x00000000ec900000)
  to   space 16896K, 0% used [0x00000000ed780000,0x00000000ed780000,0x00000000ee800000)
 ParOldGen       total 108544K, used 108264K [0x00000000c0000000, 0x00000000c6a00000, 0x00000000eab00000)
  object space 108544K, 99% used [0x00000000c0000000,0x00000000c69ba270,0x00000000c6a00000)
 Metaspace       used 58951K, committed 60480K, reserved 1114112K
  class space    used 6398K, committed 7040K, reserved 1048576K
}
Event: 51.624 GC heap after
{Heap after GC invocations=37 (full 3):
 PSYoungGen      total 40448K, used 11849K [0x00000000eab00000, 0x00000000ee380000, 0x0000000100000000)
  eden space 28160K, 0% used [0x00000000eab00000,0x00000000eab00000,0x00000000ec680000)
  from space 12288K, 96% used [0x00000000ed780000,0x00000000ee3126f0,0x00000000ee380000)
  to   space 12800K, 0% used [0x00000000eca80000,0x00000000eca80000,0x00000000ed700000)
 ParOldGen       total 110080K, used 109669K [0x00000000c0000000, 0x00000000c6b80000, 0x00000000eab00000)
  object space 110080K, 99% used [0x00000000c0000000,0x00000000c6b196d0,0x00000000c6b80000)
 Metaspace       used 58951K, committed 60480K, reserved 1114112K
  class space    used 6398K, committed 7040K, reserved 1048576K
}
Event: 51.841 GC heap before
{Heap before GC invocations=38 (full 3):
 PSYoungGen      total 40448K, used 40009K [0x00000000eab00000, 0x00000000ee380000, 0x0000000100000000)
  eden space 28160K, 100% used [0x00000000eab00000,0x00000000ec680000,0x00000000ec680000)
  from space 12288K, 96% used [0x00000000ed780000,0x00000000ee3126f0,0x00000000ee380000)
  to   space 12800K, 0% used [0x00000000eca80000,0x00000000eca80000,0x00000000ed700000)
 ParOldGen       total 110080K, used 109669K [0x00000000c0000000, 0x00000000c6b80000, 0x00000000eab00000)
  object space 110080K, 99% used [0x00000000c0000000,0x00000000c6b196d0,0x00000000c6b80000)
 Metaspace       used 59117K, committed 60608K, reserved 1114112K
  class space    used 6408K, committed 7040K, reserved 1048576K
}
Event: 51.861 GC heap after
{Heap after GC invocations=38 (full 3):
 PSYoungGen      total 35328K, used 7401K [0x00000000eab00000, 0x00000000ed800000, 0x0000000100000000)
  eden space 27648K, 0% used [0x00000000eab00000,0x00000000eab00000,0x00000000ec600000)
  from space 7680K, 96% used [0x00000000eca80000,0x00000000ed1ba510,0x00000000ed200000)
  to   space 6144K, 0% used [0x00000000ed200000,0x00000000ed200000,0x00000000ed800000)
 ParOldGen       total 121856K, used 121419K [0x00000000c0000000, 0x00000000c7700000, 0x00000000eab00000)
  object space 121856K, 99% used [0x00000000c0000000,0x00000000c7692e18,0x00000000c7700000)
 Metaspace       used 59117K, committed 60608K, reserved 1114112K
  class space    used 6408K, committed 7040K, reserved 1048576K
}
Event: 52.195 GC heap before
{Heap before GC invocations=39 (full 3):
 PSYoungGen      total 35328K, used 35049K [0x00000000eab00000, 0x00000000ed800000, 0x0000000100000000)
  eden space 27648K, 100% used [0x00000000eab00000,0x00000000ec600000,0x00000000ec600000)
  from space 7680K, 96% used [0x00000000eca80000,0x00000000ed1ba510,0x00000000ed200000)
  to   space 6144K, 0% used [0x00000000ed200000,0x00000000ed200000,0x00000000ed800000)
 ParOldGen       total 121856K, used 121419K [0x00000000c0000000, 0x00000000c7700000, 0x00000000eab00000)
  object space 121856K, 99% used [0x00000000c0000000,0x00000000c7692e18,0x00000000c7700000)
 Metaspace       used 59202K, committed 60672K, reserved 1114112K
  class space    used 6419K, committed 7040K, reserved 1048576K
}
Event: 52.214 GC heap after
{Heap after GC invocations=39 (full 3):
 PSYoungGen      total 26112K, used 6140K [0x00000000eab00000, 0x00000000eec80000, 0x0000000100000000)
  eden space 19968K, 0% used [0x00000000eab00000,0x00000000eab00000,0x00000000ebe80000)
  from space 6144K, 99% used [0x00000000ed200000,0x00000000ed7ff088,0x00000000ed800000)
  to   space 19968K, 0% used [0x00000000ebe80000,0x00000000ebe80000,0x00000000ed200000)
 ParOldGen       total 133632K, used 133181K [0x00000000c0000000, 0x00000000c8280000, 0x00000000eab00000)
  object space 133632K, 99% used [0x00000000c0000000,0x00000000c820f530,0x00000000c8280000)
 Metaspace       used 59202K, committed 60672K, reserved 1114112K
  class space    used 6419K, committed 7040K, reserved 1048576K
}

