# JRE version: Java(TM) SE Runtime Environment (23.0.1+11) (build 23.0.1+11-39)
# Java VM: Java HotSpot(TM) 64-Bit Server VM (23.0.1+11-39, mixed mode, sharing, tiered, compressed oops, compressed class ptrs, parallel gc, windows-amd64)
GC Precious Log:
 CardTable entry size: 512
 CPUs: 8 total, 8 available
 Memory: 7926M
 Large Page Support: Disabled
 NUMA Support: Disabled
 Compressed Oops: Enabled (32-bit)
 Alignments: Space 512K, Generation 512K, Heap 2M
 Heap Min Capacity: 100M
 Heap Initial Capacity: 100M
 Heap Max Capacity: 1G
 Pre-touch: Disabled
 Parallel Workers: 8
Heap:
 PSYoungGen      total 30208K, used 30184K [0x00000000eab00000, 0x00000000ed000000, 0x0000000100000000)
  eden space 28672K, 100% used [0x00000000eab00000,0x00000000ec700000,0x00000000ec700000)
  from space 1536K, 98% used [0x00000000ecc00000,0x00000000ecd7a058,0x00000000ecd80000)
  to   space 4608K, 0% used [0x00000000ec700000,0x00000000ec700000,0x00000000ecb80000)
 ParOldGen       total 223232K, used 223093K [0x00000000c0000000, 0x00000000cda00000, 0x00000000eab00000)
  object space 223232K, 99% used [0x00000000c0000000,0x00000000cd9dd488,0x00000000cda00000)
 Metaspace       used 64768K, committed 66112K, reserved 1114112K
  class space    used 6860K, committed 7424K, reserved 1048576K
GC Heap History (20 events):
Event: 47.117 GC heap before
{Heap before GC invocations=70 (full 3):
 PSYoungGen      total 32768K, used 32704K [0x00000000eab00000, 0x00000000ecc00000, 0x0000000100000000)
  eden space 31744K, 100% used [0x00000000eab00000,0x00000000eca00000,0x00000000eca00000)
  from space 1024K, 93% used [0x00000000ecb00000,0x00000000ecbf0000,0x00000000ecc00000)
  to   space 1024K, 0% used [0x00000000eca00000,0x00000000eca00000,0x00000000ecb00000)
 ParOldGen       total 209408K, used 209149K [0x00000000c0000000, 0x00000000ccc80000, 0x00000000eab00000)
  object space 209408K, 99% used [0x00000000c0000000,0x00000000ccc3f6b0,0x00000000ccc80000)
 Metaspace       used 60488K, committed 61824K, reserved 1114112K
  class space    used 6491K, committed 7040K, reserved 1048576K
}
Event: 47.121 GC heap after
{Heap after GC invocations=70 (full 3):
 PSYoungGen      total 32768K, used 866K [0x00000000eab00000, 0x00000000ecc00000, 0x0000000100000000)
  eden space 31744K, 0% used [0x00000000eab00000,0x00000000eab00000,0x00000000eca00000)
  from space 1024K, 84% used [0x00000000eca00000,0x00000000ecad8aa0,0x00000000ecb00000)
  to   space 1024K, 0% used [0x00000000ecb00000,0x00000000ecb00000,0x00000000ecc00000)
 ParOldGen       total 209920K, used 209739K [0x00000000c0000000, 0x00000000ccd00000, 0x00000000eab00000)
  object space 209920K, 99% used [0x00000000c0000000,0x00000000cccd2f60,0x00000000ccd00000)
 Metaspace       used 60488K, committed 61824K, reserved 1114112K
  class space    used 6491K, committed 7040K, reserved 1048576K
}
Event: 47.419 GC heap before
{Heap before GC invocations=71 (full 3):
 PSYoungGen      total 32768K, used 32610K [0x00000000eab00000, 0x00000000ecc00000, 0x0000000100000000)
  eden space 31744K, 100% used [0x00000000eab00000,0x00000000eca00000,0x00000000eca00000)
  from space 1024K, 84% used [0x00000000eca00000,0x00000000ecad8aa0,0x00000000ecb00000)
  to   space 1024K, 0% used [0x00000000ecb00000,0x00000000ecb00000,0x00000000ecc00000)
 ParOldGen       total 209920K, used 209739K [0x00000000c0000000, 0x00000000ccd00000, 0x00000000eab00000)
  object space 209920K, 99% used [0x00000000c0000000,0x00000000cccd2f60,0x00000000ccd00000)
 Metaspace       used 60637K, committed 61952K, reserved 1114112K
  class space    used 6495K, committed 7040K, reserved 1048576K
}
Event: 47.423 GC heap after
{Heap after GC invocations=71 (full 3):
 PSYoungGen      total 31744K, used 1024K [0x00000000eab00000, 0x00000000ecd80000, 0x0000000100000000)
  eden space 30720K, 0% used [0x00000000eab00000,0x00000000eab00000,0x00000000ec900000)
  from space 1024K, 100% used [0x00000000ecb00000,0x00000000ecc00000,0x00000000ecc00000)
  to   space 2048K, 0% used [0x00000000ec900000,0x00000000ec900000,0x00000000ecb00000)
 ParOldGen       total 210432K, used 210296K [0x00000000c0000000, 0x00000000ccd80000, 0x00000000eab00000)
  object space 210432K, 99% used [0x00000000c0000000,0x00000000ccd5e130,0x00000000ccd80000)
 Metaspace       used 60637K, committed 61952K, reserved 1114112K
  class space    used 6495K, committed 7040K, reserved 1048576K
}
Event: 47.650 GC heap before
{Heap before GC invocations=72 (full 3):
 PSYoungGen      total 31744K, used 31743K [0x00000000eab00000, 0x00000000ecd80000, 0x0000000100000000)
  eden space 30720K, 99% used [0x00000000eab00000,0x00000000ec8ffff0,0x00000000ec900000)
  from space 1024K, 100% used [0x00000000ecb00000,0x00000000ecc00000,0x00000000ecc00000)
  to   space 2048K, 0% used [0x00000000ec900000,0x00000000ec900000,0x00000000ecb00000)
 ParOldGen       total 210432K, used 210296K [0x00000000c0000000, 0x00000000ccd80000, 0x00000000eab00000)
  object space 210432K, 99% used [0x00000000c0000000,0x00000000ccd5e130,0x00000000ccd80000)
 Metaspace       used 60728K, committed 62080K, reserved 1114112K
  class space    used 6498K, committed 7040K, reserved 1048576K
}
Event: 47.655 GC heap after
{Heap after GC invocations=72 (full 3):
 PSYoungGen      total 31744K, used 872K [0x00000000eab00000, 0x00000000ecc00000, 0x0000000100000000)
  eden space 30720K, 0% used [0x00000000eab00000,0x00000000eab00000,0x00000000ec900000)
  from space 1024K, 85% used [0x00000000ec900000,0x00000000ec9da368,0x00000000eca00000)
  to   space 1536K, 0% used [0x00000000eca80000,0x00000000eca80000,0x00000000ecc00000)
 ParOldGen       total 211456K, used 211092K [0x00000000c0000000, 0x00000000cce80000, 0x00000000eab00000)
  object space 211456K, 99% used [0x00000000c0000000,0x00000000cce25140,0x00000000cce80000)
 Metaspace       used 60728K, committed 62080K, reserved 1114112K
  class space    used 6498K, committed 7040K, reserved 1048576K
}
Event: 47.893 GC heap before
{Heap before GC invocations=73 (full 3):
 PSYoungGen      total 31744K, used 31592K [0x00000000eab00000, 0x00000000ecc00000, 0x0000000100000000)
  eden space 30720K, 100% used [0x00000000eab00000,0x00000000ec900000,0x00000000ec900000)
  from space 1024K, 85% used [0x00000000ec900000,0x00000000ec9da368,0x00000000eca00000)
  to   space 1536K, 0% used [0x00000000eca80000,0x00000000eca80000,0x00000000ecc00000)
 ParOldGen       total 211456K, used 211092K [0x00000000c0000000, 0x00000000cce80000, 0x00000000eab00000)
  object space 211456K, 99% used [0x00000000c0000000,0x00000000cce25140,0x00000000cce80000)
 Metaspace       used 60786K, committed 62080K, reserved 1114112K
  class space    used 6504K, committed 7040K, reserved 1048576K
}
Event: 47.899 GC heap after
{Heap after GC invocations=73 (full 3):
 PSYoungGen      total 32256K, used 1424K [0x00000000eab00000, 0x00000000ecc00000, 0x0000000100000000)
  eden space 30720K, 0% used [0x00000000eab00000,0x00000000eab00000,0x00000000ec900000)
  from space 1536K, 92% used [0x00000000eca80000,0x00000000ecbe4000,0x00000000ecc00000)
  to   space 1536K, 0% used [0x00000000ec900000,0x00000000ec900000,0x00000000eca80000)
 ParOldGen       total 211968K, used 211858K [0x00000000c0000000, 0x00000000ccf00000, 0x00000000eab00000)
  object space 211968K, 99% used [0x00000000c0000000,0x00000000ccee4938,0x00000000ccf00000)
 Metaspace       used 60786K, committed 62080K, reserved 1114112K
  class space    used 6504K, committed 7040K, reserved 1048576K
}
Event: 48.170 GC heap before
{Heap before GC invocations=74 (full 3):
 PSYoungGen      total 32256K, used 32144K [0x00000000eab00000, 0x00000000ecc00000, 0x0000000100000000)
  eden space 30720K, 100% used [0x00000000eab00000,0x00000000ec900000,0x00000000ec900000)
  from space 1536K, 92% used [0x00000000eca80000,0x00000000ecbe4000,0x00000000ecc00000)
  to   space 1536K, 0% used [0x00000000ec900000,0x00000000ec900000,0x00000000eca80000)
 ParOldGen       total 211968K, used 211858K [0x00000000c0000000, 0x00000000ccf00000, 0x00000000eab00000)
  object space 211968K, 99% used [0x00000000c0000000,0x00000000ccee4938,0x00000000ccf00000)
 Metaspace       used 60850K, committed 62208K, reserved 1114112K
  class space    used 6512K, committed 7104K, reserved 1048576K
}
Event: 48.174 GC heap after
{Heap after GC invocations=74 (full 3):
 PSYoungGen      total 32256K, used 928K [0x00000000eab00000, 0x00000000ecc00000, 0x0000000100000000)
  eden space 30720K, 0% used [0x00000000eab00000,0x00000000eab00000,0x00000000ec900000)
  from space 1536K, 60% used [0x00000000ec900000,0x00000000ec9e8020,0x00000000eca80000)
  to   space 1536K, 0% used [0x00000000eca80000,0x00000000eca80000,0x00000000ecc00000)
 ParOldGen       total 213504K, used 213114K [0x00000000c0000000, 0x00000000cd080000, 0x00000000eab00000)
  object space 213504K, 99% used [0x00000000c0000000,0x00000000cd01e938,0x00000000cd080000)
 Metaspace       used 60850K, committed 62208K, reserved 1114112K
  class space    used 6512K, committed 7104K, reserved 1048576K
}
Event: 48.643 GC heap before
{Heap before GC invocations=75 (full 3):
 PSYoungGen      total 32256K, used 31648K [0x00000000eab00000, 0x00000000ecc00000, 0x0000000100000000)
  eden space 30720K, 100% used [0x00000000eab00000,0x00000000ec900000,0x00000000ec900000)
  from space 1536K, 60% used [0x00000000ec900000,0x00000000ec9e8020,0x00000000eca80000)
  to   space 1536K, 0% used [0x00000000eca80000,0x00000000eca80000,0x00000000ecc00000)
 ParOldGen       total 213504K, used 213114K [0x00000000c0000000, 0x00000000cd080000, 0x00000000eab00000)
  object space 213504K, 99% used [0x00000000c0000000,0x00000000cd01e938,0x00000000cd080000)
 Metaspace       used 61031K, committed 62400K, reserved 1114112K
  class space    used 6540K, committed 7104K, reserved 1048576K
}
Event: 48.649 GC heap after
{Heap after GC invocations=75 (full 3):
 PSYoungGen      total 32256K, used 1331K [0x00000000eab00000, 0x00000000ecc00000, 0x0000000100000000)
  eden space 30720K, 0% used [0x00000000eab00000,0x00000000eab00000,0x00000000ec900000)
  from space 1536K, 86% used [0x00000000eca80000,0x00000000ecbccd18,0x00000000ecc00000)
  to   space 1536K, 0% used [0x00000000ec900000,0x00000000ec900000,0x00000000eca80000)
 ParOldGen       total 214016K, used 213818K [0x00000000c0000000, 0x00000000cd100000, 0x00000000eab00000)
  object space 214016K, 99% used [0x00000000c0000000,0x00000000cd0ce958,0x00000000cd100000)
 Metaspace       used 61031K, committed 62400K, reserved 1114112K
  class space    used 6540K, committed 7104K, reserved 1048576K
}
Event: 49.459 GC heap before
{Heap before GC invocations=76 (full 3):
 PSYoungGen      total 32256K, used 32051K [0x00000000eab00000, 0x00000000ecc00000, 0x0000000100000000)
  eden space 30720K, 100% used [0x00000000eab00000,0x00000000ec900000,0x00000000ec900000)
  from space 1536K, 86% used [0x00000000eca80000,0x00000000ecbccd18,0x00000000ecc00000)
  to   space 1536K, 0% used [0x00000000ec900000,0x00000000ec900000,0x00000000eca80000)
 ParOldGen       total 214016K, used 213818K [0x00000000c0000000, 0x00000000cd100000, 0x00000000eab00000)
  object space 214016K, 99% used [0x00000000c0000000,0x00000000cd0ce958,0x00000000cd100000)
 Metaspace       used 61331K, committed 62720K, reserved 1114112K
  class space    used 6581K, committed 7168K, reserved 1048576K
}
Event: 49.468 GC heap after
{Heap after GC invocations=76 (full 3):
 PSYoungGen      total 31744K, used 1520K [0x00000000eab00000, 0x00000000ed080000, 0x0000000100000000)
  eden space 30208K, 0% used [0x00000000eab00000,0x00000000eab00000,0x00000000ec880000)
  from space 1536K, 99% used [0x00000000ec900000,0x00000000eca7c328,0x00000000eca80000)
  to   space 4096K, 0% used [0x00000000ecc80000,0x00000000ecc80000,0x00000000ed080000)
 ParOldGen       total 216064K, used 215806K [0x00000000c0000000, 0x00000000cd300000, 0x00000000eab00000)
  object space 216064K, 99% used [0x00000000c0000000,0x00000000cd2bf9f0,0x00000000cd300000)
 Metaspace       used 61331K, committed 62720K, reserved 1114112K
  class space    used 6581K, committed 7168K, reserved 1048576K
}
Event: 51.329 GC heap before
{Heap before GC invocations=77 (full 3):
 PSYoungGen      total 31744K, used 31728K [0x00000000eab00000, 0x00000000ed080000, 0x0000000100000000)
  eden space 30208K, 100% used [0x00000000eab00000,0x00000000ec880000,0x00000000ec880000)
  from space 1536K, 99% used [0x00000000ec900000,0x00000000eca7c328,0x00000000eca80000)
  to   space 4096K, 0% used [0x00000000ecc80000,0x00000000ecc80000,0x00000000ed080000)
 ParOldGen       total 216064K, used 215806K [0x00000000c0000000, 0x00000000cd300000, 0x00000000eab00000)
  object space 216064K, 99% used [0x00000000c0000000,0x00000000cd2bf9f0,0x00000000cd300000)
 Metaspace       used 61768K, committed 63232K, reserved 1114112K
  class space    used 6628K, committed 7232K, reserved 1048576K
}
Event: 51.342 GC heap after
{Heap after GC invocations=77 (full 3):
 PSYoungGen      total 33280K, used 3252K [0x00000000eab00000, 0x00000000ed000000, 0x0000000100000000)
  eden space 29696K, 0% used [0x00000000eab00000,0x00000000eab00000,0x00000000ec800000)
  from space 3584K, 90% used [0x00000000ecc80000,0x00000000ecfad140,0x00000000ed000000)
  to   space 3584K, 0% used [0x00000000ec900000,0x00000000ec900000,0x00000000ecc80000)
 ParOldGen       total 217600K, used 217281K [0x00000000c0000000, 0x00000000cd480000, 0x00000000eab00000)
  object space 217600K, 99% used [0x00000000c0000000,0x00000000cd4307a8,0x00000000cd480000)
 Metaspace       used 61768K, committed 63232K, reserved 1114112K
  class space    used 6628K, committed 7232K, reserved 1048576K
}
Event: 52.656 GC heap before
{Heap before GC invocations=78 (full 3):
 PSYoungGen      total 33280K, used 32948K [0x00000000eab00000, 0x00000000ed000000, 0x0000000100000000)
  eden space 29696K, 100% used [0x00000000eab00000,0x00000000ec800000,0x00000000ec800000)
  from space 3584K, 90% used [0x00000000ecc80000,0x00000000ecfad140,0x00000000ed000000)
  to   space 3584K, 0% used [0x00000000ec900000,0x00000000ec900000,0x00000000ecc80000)
 ParOldGen       total 217600K, used 217281K [0x00000000c0000000, 0x00000000cd480000, 0x00000000eab00000)
  object space 217600K, 99% used [0x00000000c0000000,0x00000000cd4307a8,0x00000000cd480000)
 Metaspace       used 62306K, committed 63680K, reserved 1114112K
  class space    used 6653K, committed 7232K, reserved 1048576K
}
Event: 52.664 GC heap after
{Heap after GC invocations=78 (full 3):
 PSYoungGen      total 32256K, used 2853K [0x00000000eab00000, 0x00000000ecd80000, 0x0000000100000000)
  eden space 29184K, 0% used [0x00000000eab00000,0x00000000eab00000,0x00000000ec780000)
  from space 3072K, 92% used [0x00000000ec900000,0x00000000ecbc9410,0x00000000ecc00000)
  to   space 1536K, 0% used [0x00000000ecc00000,0x00000000ecc00000,0x00000000ecd80000)
 ParOldGen       total 220672K, used 220342K [0x00000000c0000000, 0x00000000cd780000, 0x00000000eab00000)
  object space 220672K, 99% used [0x00000000c0000000,0x00000000cd72d960,0x00000000cd780000)
 Metaspace       used 62306K, committed 63680K, reserved 1114112K
  class space    used 6653K, committed 7232K, reserved 1048576K
}
Event: 53.849 GC heap before
{Heap before GC invocations=79 (full 3):
 PSYoungGen      total 32256K, used 32035K [0x00000000eab00000, 0x00000000ecd80000, 0x0000000100000000)
  eden space 29184K, 99% used [0x00000000eab00000,0x00000000ec77fa58,0x00000000ec780000)
  from space 3072K, 92% used [0x00000000ec900000,0x00000000ecbc9410,0x00000000ecc00000)
  to   space 1536K, 0% used [0x00000000ecc00000,0x00000000ecc00000,0x00000000ecd80000)
 ParOldGen       total 220672K, used 220342K [0x00000000c0000000, 0x00000000cd780000, 0x00000000eab00000)
  object space 220672K, 99% used [0x00000000c0000000,0x00000000cd72d960,0x00000000cd780000)
 Metaspace       used 63475K, committed 64768K, reserved 1114112K
  class space    used 6751K, committed 7296K, reserved 1048576K
}
Event: 53.854 GC heap after
{Heap after GC invocations=79 (full 3):
 PSYoungGen      total 30208K, used 1512K [0x00000000eab00000, 0x00000000ed000000, 0x0000000100000000)
  eden space 28672K, 0% used [0x00000000eab00000,0x00000000eab00000,0x00000000ec700000)
  from space 1536K, 98% used [0x00000000ecc00000,0x00000000ecd7a058,0x00000000ecd80000)
  to   space 4608K, 0% used [0x00000000ec700000,0x00000000ec700000,0x00000000ecb80000)
 ParOldGen       total 223232K, used 223093K [0x00000000c0000000, 0x00000000cda00000, 0x00000000eab00000)
  object space 223232K, 99% used [0x00000000c0000000,0x00000000cd9dd488,0x00000000cda00000)
 Metaspace       used 63475K, committed 64768K, reserved 1114112K
  class space    used 6751K, committed 7296K, reserved 1048576K
}

