# JRE version: Java(TM) SE Runtime Environment (23.0.1+11) (build 23.0.1+11-39)
# Java VM: Java HotSpot(TM) 64-Bit Server VM (23.0.1+11-39, mixed mode, sharing, tiered, compressed oops, compressed class ptrs, parallel gc, windows-amd64)
GC Precious Log:
 CardTable entry size: 512
 CPUs: 8 total, 8 available
 Memory: 7926M
 Large Page Support: Disabled
 NUMA Support: Disabled
 Compressed Oops: Enabled (32-bit)
 Alignments: Space 512K, Generation 512K, Heap 2M
 Heap Min Capacity: 100M
 Heap Initial Capacity: 100M
 Heap Max Capacity: 1G
 Pre-touch: Disabled
 Parallel Workers: 8
Heap:
 PSYoungGen      total 25088K, used 20365K [0x00000000eab00000, 0x00000000ecc00000, 0x0000000100000000)
  eden space 17920K, 73% used [0x00000000eab00000,0x00000000eb7eae80,0x00000000ebc80000)
  from space 7168K, 99% used [0x00000000ec500000,0x00000000ecbffd78,0x00000000ecc00000)
  to   space 5632K, 0% used [0x00000000ebc80000,0x00000000ebc80000,0x00000000ec200000)
 ParOldGen       total 484352K, used 484256K [0x00000000c0000000, 0x00000000dd900000, 0x00000000eab00000)
  object space 484352K, 99% used [0x00000000c0000000,0x00000000dd8e81e8,0x00000000dd900000)
 Metaspace       used 65794K, committed 67264K, reserved 1114112K
  class space    used 6941K, committed 7552K, reserved 1048576K
GC Heap History (20 events):
Event: 71.982 GC heap before
{Heap before GC invocations=110 (full 3):
 PSYoungGen      total 27648K, used 25690K [0x00000000eab00000, 0x00000000ecc00000, 0x0000000100000000)
  eden space 19968K, 100% used [0x00000000eab00000,0x00000000ebe80000,0x00000000ebe80000)
  from space 7680K, 74% used [0x00000000ec480000,0x00000000eca168b8,0x00000000ecc00000)
  to   space 6144K, 0% used [0x00000000ebe80000,0x00000000ebe80000,0x00000000ec480000)
 ParOldGen       total 412160K, used 411959K [0x00000000c0000000, 0x00000000d9280000, 0x00000000eab00000)
  object space 412160K, 99% used [0x00000000c0000000,0x00000000d924de80,0x00000000d9280000)
 Metaspace       used 64286K, committed 65728K, reserved 1114112K
  class space    used 6799K, committed 7424K, reserved 1048576K
}
Event: 71.991 GC heap after
{Heap after GC invocations=110 (full 3):
 PSYoungGen      total 26112K, used 6130K [0x00000000eab00000, 0x00000000ecc00000, 0x0000000100000000)
  eden space 19968K, 0% used [0x00000000eab00000,0x00000000eab00000,0x00000000ebe80000)
  from space 6144K, 99% used [0x00000000ebe80000,0x00000000ec47ca48,0x00000000ec480000)
  to   space 7680K, 0% used [0x00000000ec480000,0x00000000ec480000,0x00000000ecc00000)
 ParOldGen       total 418816K, used 418408K [0x00000000c0000000, 0x00000000d9900000, 0x00000000eab00000)
  object space 418816K, 99% used [0x00000000c0000000,0x00000000d989a140,0x00000000d9900000)
 Metaspace       used 64286K, committed 65728K, reserved 1114112K
  class space    used 6799K, committed 7424K, reserved 1048576K
}
Event: 72.076 GC heap before
{Heap before GC invocations=111 (full 3):
 PSYoungGen      total 26112K, used 26098K [0x00000000eab00000, 0x00000000ecc00000, 0x0000000100000000)
  eden space 19968K, 100% used [0x00000000eab00000,0x00000000ebe80000,0x00000000ebe80000)
  from space 6144K, 99% used [0x00000000ebe80000,0x00000000ec47ca48,0x00000000ec480000)
  to   space 7680K, 0% used [0x00000000ec480000,0x00000000ec480000,0x00000000ecc00000)
 ParOldGen       total 418816K, used 418408K [0x00000000c0000000, 0x00000000d9900000, 0x00000000eab00000)
  object space 418816K, 99% used [0x00000000c0000000,0x00000000d989a140,0x00000000d9900000)
 Metaspace       used 64351K, committed 65792K, reserved 1114112K
  class space    used 6808K, committed 7424K, reserved 1048576K
}
Event: 72.083 GC heap after
{Heap after GC invocations=111 (full 3):
 PSYoungGen      total 27648K, used 7626K [0x00000000eab00000, 0x00000000ecc00000, 0x0000000100000000)
  eden space 19968K, 0% used [0x00000000eab00000,0x00000000eab00000,0x00000000ebe80000)
  from space 7680K, 99% used [0x00000000ec480000,0x00000000ecbf2900,0x00000000ecc00000)
  to   space 6144K, 0% used [0x00000000ebe80000,0x00000000ebe80000,0x00000000ec480000)
 ParOldGen       total 424448K, used 424394K [0x00000000c0000000, 0x00000000d9e80000, 0x00000000eab00000)
  object space 424448K, 99% used [0x00000000c0000000,0x00000000d9e72a30,0x00000000d9e80000)
 Metaspace       used 64351K, committed 65792K, reserved 1114112K
  class space    used 6808K, committed 7424K, reserved 1048576K
}
Event: 72.883 GC heap before
{Heap before GC invocations=112 (full 3):
 PSYoungGen      total 27648K, used 27594K [0x00000000eab00000, 0x00000000ecc00000, 0x0000000100000000)
  eden space 19968K, 99% used [0x00000000eab00000,0x00000000ebe7ffd0,0x00000000ebe80000)
  from space 7680K, 99% used [0x00000000ec480000,0x00000000ecbf2900,0x00000000ecc00000)
  to   space 6144K, 0% used [0x00000000ebe80000,0x00000000ebe80000,0x00000000ec480000)
 ParOldGen       total 424448K, used 424394K [0x00000000c0000000, 0x00000000d9e80000, 0x00000000eab00000)
  object space 424448K, 99% used [0x00000000c0000000,0x00000000d9e72a30,0x00000000d9e80000)
 Metaspace       used 64362K, committed 65792K, reserved 1114112K
  class space    used 6809K, committed 7424K, reserved 1048576K
}
Event: 72.892 GC heap after
{Heap after GC invocations=112 (full 3):
 PSYoungGen      total 26112K, used 2830K [0x00000000eab00000, 0x00000000ecc00000, 0x0000000100000000)
  eden space 19968K, 0% used [0x00000000eab00000,0x00000000eab00000,0x00000000ebe80000)
  from space 6144K, 46% used [0x00000000ebe80000,0x00000000ec1439d8,0x00000000ec480000)
  to   space 5120K, 0% used [0x00000000ec700000,0x00000000ec700000,0x00000000ecc00000)
 ParOldGen       total 432128K, used 431877K [0x00000000c0000000, 0x00000000da600000, 0x00000000eab00000)
  object space 432128K, 99% used [0x00000000c0000000,0x00000000da5c1708,0x00000000da600000)
 Metaspace       used 64362K, committed 65792K, reserved 1114112K
  class space    used 6809K, committed 7424K, reserved 1048576K
}
Event: 73.758 GC heap before
{Heap before GC invocations=113 (full 3):
 PSYoungGen      total 26112K, used 22798K [0x00000000eab00000, 0x00000000ecc00000, 0x0000000100000000)
  eden space 19968K, 100% used [0x00000000eab00000,0x00000000ebe80000,0x00000000ebe80000)
  from space 6144K, 46% used [0x00000000ebe80000,0x00000000ec1439d8,0x00000000ec480000)
  to   space 5120K, 0% used [0x00000000ec700000,0x00000000ec700000,0x00000000ecc00000)
 ParOldGen       total 432128K, used 431877K [0x00000000c0000000, 0x00000000da600000, 0x00000000eab00000)
  object space 432128K, 99% used [0x00000000c0000000,0x00000000da5c1708,0x00000000da600000)
 Metaspace       used 64363K, committed 65792K, reserved 1114112K
  class space    used 6809K, committed 7424K, reserved 1048576K
}
Event: 73.770 GC heap after
{Heap after GC invocations=113 (full 3):
 PSYoungGen      total 16896K, used 5093K [0x00000000eab00000, 0x00000000edf80000, 0x0000000100000000)
  eden space 11776K, 0% used [0x00000000eab00000,0x00000000eab00000,0x00000000eb680000)
  from space 5120K, 99% used [0x00000000ec700000,0x00000000ecbf9710,0x00000000ecc00000)
  to   space 16896K, 0% used [0x00000000eb680000,0x00000000eb680000,0x00000000ec700000)
 ParOldGen       total 441856K, used 441404K [0x00000000c0000000, 0x00000000daf80000, 0x00000000eab00000)
  object space 441856K, 99% used [0x00000000c0000000,0x00000000daf0f180,0x00000000daf80000)
 Metaspace       used 64363K, committed 65792K, reserved 1114112K
  class space    used 6809K, committed 7424K, reserved 1048576K
}
Event: 74.024 GC heap before
{Heap before GC invocations=114 (full 3):
 PSYoungGen      total 16896K, used 16869K [0x00000000eab00000, 0x00000000edf80000, 0x0000000100000000)
  eden space 11776K, 100% used [0x00000000eab00000,0x00000000eb680000,0x00000000eb680000)
  from space 5120K, 99% used [0x00000000ec700000,0x00000000ecbf9710,0x00000000ecc00000)
  to   space 16896K, 0% used [0x00000000eb680000,0x00000000eb680000,0x00000000ec700000)
 ParOldGen       total 441856K, used 441404K [0x00000000c0000000, 0x00000000daf80000, 0x00000000eab00000)
  object space 441856K, 99% used [0x00000000c0000000,0x00000000daf0f180,0x00000000daf80000)
 Metaspace       used 64496K, committed 65920K, reserved 1114112K
  class space    used 6820K, committed 7424K, reserved 1048576K
}
Event: 74.034 GC heap after
{Heap after GC invocations=114 (full 3):
 PSYoungGen      total 20992K, used 8731K [0x00000000eab00000, 0x00000000ecc80000, 0x0000000100000000)
  eden space 11776K, 0% used [0x00000000eab00000,0x00000000eab00000,0x00000000eb680000)
  from space 9216K, 94% used [0x00000000eb680000,0x00000000ebf06d48,0x00000000ebf80000)
  to   space 11264K, 0% used [0x00000000ec180000,0x00000000ec180000,0x00000000ecc80000)
 ParOldGen       total 445440K, used 445149K [0x00000000c0000000, 0x00000000db300000, 0x00000000eab00000)
  object space 445440K, 99% used [0x00000000c0000000,0x00000000db2b7570,0x00000000db300000)
 Metaspace       used 64496K, committed 65920K, reserved 1114112K
  class space    used 6820K, committed 7424K, reserved 1048576K
}
Event: 74.288 GC heap before
{Heap before GC invocations=115 (full 3):
 PSYoungGen      total 20992K, used 20507K [0x00000000eab00000, 0x00000000ecc80000, 0x0000000100000000)
  eden space 11776K, 100% used [0x00000000eab00000,0x00000000eb680000,0x00000000eb680000)
  from space 9216K, 94% used [0x00000000eb680000,0x00000000ebf06d48,0x00000000ebf80000)
  to   space 11264K, 0% used [0x00000000ec180000,0x00000000ec180000,0x00000000ecc80000)
 ParOldGen       total 445440K, used 445149K [0x00000000c0000000, 0x00000000db300000, 0x00000000eab00000)
  object space 445440K, 99% used [0x00000000c0000000,0x00000000db2b7570,0x00000000db300000)
 Metaspace       used 64962K, committed 66368K, reserved 1114112K
  class space    used 6866K, committed 7488K, reserved 1048576K
}
Event: 74.304 GC heap after
{Heap after GC invocations=115 (full 3):
 PSYoungGen      total 25088K, used 7362K [0x00000000eab00000, 0x00000000ecc00000, 0x0000000100000000)
  eden space 14336K, 0% used [0x00000000eab00000,0x00000000eab00000,0x00000000eb900000)
  from space 10752K, 68% used [0x00000000ec180000,0x00000000ec8b0a68,0x00000000ecc00000)
  to   space 8704K, 0% used [0x00000000eb900000,0x00000000eb900000,0x00000000ec180000)
 ParOldGen       total 454144K, used 453732K [0x00000000c0000000, 0x00000000dbb80000, 0x00000000eab00000)
  object space 454144K, 99% used [0x00000000c0000000,0x00000000dbb191d8,0x00000000dbb80000)
 Metaspace       used 64962K, committed 66368K, reserved 1114112K
  class space    used 6866K, committed 7488K, reserved 1048576K
}
Event: 74.800 GC heap before
{Heap before GC invocations=116 (full 3):
 PSYoungGen      total 25088K, used 21698K [0x00000000eab00000, 0x00000000ecc00000, 0x0000000100000000)
  eden space 14336K, 100% used [0x00000000eab00000,0x00000000eb900000,0x00000000eb900000)
  from space 10752K, 68% used [0x00000000ec180000,0x00000000ec8b0a68,0x00000000ecc00000)
  to   space 8704K, 0% used [0x00000000eb900000,0x00000000eb900000,0x00000000ec180000)
 ParOldGen       total 454144K, used 453732K [0x00000000c0000000, 0x00000000dbb80000, 0x00000000eab00000)
  object space 454144K, 99% used [0x00000000c0000000,0x00000000dbb191d8,0x00000000dbb80000)
 Metaspace       used 65077K, committed 66496K, reserved 1114112K
  class space    used 6883K, committed 7488K, reserved 1048576K
}
Event: 74.825 GC heap after
{Heap after GC invocations=116 (full 3):
 PSYoungGen      total 23040K, used 8696K [0x00000000eab00000, 0x00000000edd00000, 0x0000000100000000)
  eden space 14336K, 0% used [0x00000000eab00000,0x00000000eab00000,0x00000000eb900000)
  from space 8704K, 99% used [0x00000000eb900000,0x00000000ec17e2d0,0x00000000ec180000)
  to   space 18432K, 0% used [0x00000000ecb00000,0x00000000ecb00000,0x00000000edd00000)
 ParOldGen       total 461824K, used 461412K [0x00000000c0000000, 0x00000000dc300000, 0x00000000eab00000)
  object space 461824K, 99% used [0x00000000c0000000,0x00000000dc2993c8,0x00000000dc300000)
 Metaspace       used 65077K, committed 66496K, reserved 1114112K
  class space    used 6883K, committed 7488K, reserved 1048576K
}
Event: 75.408 GC heap before
{Heap before GC invocations=117 (full 3):
 PSYoungGen      total 23040K, used 23032K [0x00000000eab00000, 0x00000000edd00000, 0x0000000100000000)
  eden space 14336K, 100% used [0x00000000eab00000,0x00000000eb900000,0x00000000eb900000)
  from space 8704K, 99% used [0x00000000eb900000,0x00000000ec17e2d0,0x00000000ec180000)
  to   space 18432K, 0% used [0x00000000ecb00000,0x00000000ecb00000,0x00000000edd00000)
 ParOldGen       total 461824K, used 461412K [0x00000000c0000000, 0x00000000dc300000, 0x00000000eab00000)
  object space 461824K, 99% used [0x00000000c0000000,0x00000000dc2993c8,0x00000000dc300000)
 Metaspace       used 65077K, committed 66496K, reserved 1114112K
  class space    used 6883K, committed 7488K, reserved 1048576K
}
Event: 75.432 GC heap after
{Heap after GC invocations=117 (full 3):
 PSYoungGen      total 23040K, used 8468K [0x00000000eab00000, 0x00000000ed380000, 0x0000000100000000)
  eden space 14336K, 0% used [0x00000000eab00000,0x00000000eab00000,0x00000000eb900000)
  from space 8704K, 97% used [0x00000000ecb00000,0x00000000ed345210,0x00000000ed380000)
  to   space 11776K, 0% used [0x00000000ebc80000,0x00000000ebc80000,0x00000000ec800000)
 ParOldGen       total 470528K, used 470069K [0x00000000c0000000, 0x00000000dcb80000, 0x00000000eab00000)
  object space 470528K, 99% used [0x00000000c0000000,0x00000000dcb0d488,0x00000000dcb80000)
 Metaspace       used 65077K, committed 66496K, reserved 1114112K
  class space    used 6883K, committed 7488K, reserved 1048576K
}
Event: 75.858 GC heap before
{Heap before GC invocations=118 (full 3):
 PSYoungGen      total 23040K, used 22619K [0x00000000eab00000, 0x00000000ed380000, 0x0000000100000000)
  eden space 14336K, 98% used [0x00000000eab00000,0x00000000eb8d1b80,0x00000000eb900000)
  from space 8704K, 97% used [0x00000000ecb00000,0x00000000ed345210,0x00000000ed380000)
  to   space 11776K, 0% used [0x00000000ebc80000,0x00000000ebc80000,0x00000000ec800000)
 ParOldGen       total 470528K, used 470069K [0x00000000c0000000, 0x00000000dcb80000, 0x00000000eab00000)
  object space 470528K, 99% used [0x00000000c0000000,0x00000000dcb0d488,0x00000000dcb80000)
 Metaspace       used 65166K, committed 66560K, reserved 1114112K
  class space    used 6890K, committed 7488K, reserved 1048576K
}
Event: 75.885 GC heap after
{Heap after GC invocations=118 (full 3):
 PSYoungGen      total 23552K, used 5145K [0x00000000eab00000, 0x00000000ecc00000, 0x0000000100000000)
  eden space 17920K, 0% used [0x00000000eab00000,0x00000000eab00000,0x00000000ebc80000)
  from space 5632K, 91% used [0x00000000ebc80000,0x00000000ec186598,0x00000000ec200000)
  to   space 7168K, 0% used [0x00000000ec500000,0x00000000ec500000,0x00000000ecc00000)
 ParOldGen       total 478720K, used 478422K [0x00000000c0000000, 0x00000000dd380000, 0x00000000eab00000)
  object space 478720K, 99% used [0x00000000c0000000,0x00000000dd335be8,0x00000000dd380000)
 Metaspace       used 65166K, committed 66560K, reserved 1114112K
  class space    used 6890K, committed 7488K, reserved 1048576K
}
Event: 77.092 GC heap before
{Heap before GC invocations=119 (full 3):
 PSYoungGen      total 23552K, used 23065K [0x00000000eab00000, 0x00000000ecc00000, 0x0000000100000000)
  eden space 17920K, 100% used [0x00000000eab00000,0x00000000ebc80000,0x00000000ebc80000)
  from space 5632K, 91% used [0x00000000ebc80000,0x00000000ec186598,0x00000000ec200000)
  to   space 7168K, 0% used [0x00000000ec500000,0x00000000ec500000,0x00000000ecc00000)
 ParOldGen       total 478720K, used 478422K [0x00000000c0000000, 0x00000000dd380000, 0x00000000eab00000)
  object space 478720K, 99% used [0x00000000c0000000,0x00000000dd335be8,0x00000000dd380000)
 Metaspace       used 65558K, committed 67008K, reserved 1114112K
  class space    used 6931K, committed 7552K, reserved 1048576K
}
Event: 77.116 GC heap after
{Heap after GC invocations=119 (full 3):
 PSYoungGen      total 25088K, used 7167K [0x00000000eab00000, 0x00000000ecc00000, 0x0000000100000000)
  eden space 17920K, 0% used [0x00000000eab00000,0x00000000eab00000,0x00000000ebc80000)
  from space 7168K, 99% used [0x00000000ec500000,0x00000000ecbffd78,0x00000000ecc00000)
  to   space 5632K, 0% used [0x00000000ebc80000,0x00000000ebc80000,0x00000000ec200000)
 ParOldGen       total 484352K, used 484256K [0x00000000c0000000, 0x00000000dd900000, 0x00000000eab00000)
  object space 484352K, 99% used [0x00000000c0000000,0x00000000dd8e81e8,0x00000000dd900000)
 Metaspace       used 65558K, committed 67008K, reserved 1114112K
  class space    used 6931K, committed 7552K, reserved 1048576K
}

