# JRE version: Java(TM) SE Runtime Environment (23.0.1+11) (build 23.0.1+11-39)
# Java VM: Java HotSpot(TM) 64-Bit Server VM (23.0.1+11-39, mixed mode, sharing, tiered, compressed oops, compressed class ptrs, parallel gc, windows-amd64)
GC Precious Log:
 CardTable entry size: 512
 CPUs: 8 total, 8 available
 Memory: 7926M
 Large Page Support: Disabled
 NUMA Support: Disabled
 Compressed Oops: Enabled (32-bit)
 Alignments: Space 512K, Generation 512K, Heap 2M
 Heap Min Capacity: 100M
 Heap Initial Capacity: 100M
 Heap Max Capacity: 1G
 Pre-touch: Disabled
 Parallel Workers: 8
Heap:
 PSYoungGen      total 33792K, used 30861K [0x00000000eab00000, 0x00000000ecd00000, 0x0000000100000000)
  eden space 32768K, 91% used [0x00000000eab00000,0x00000000ec83ad48,0x00000000ecb00000)
  from space 1024K, 90% used [0x00000000ecc00000,0x00000000ecce8a38,0x00000000ecd00000)
  to   space 1024K, 62% used [0x00000000ecb00000,0x00000000ecba0000,0x00000000ecc00000)
 ParOldGen       total 145920K, used 142989K [0x00000000c0000000, 0x00000000c8e80000, 0x00000000eab00000)
  object space 145920K, 97% used [0x00000000c0000000,0x00000000c8ba35e8,0x00000000c8e80000)
 Metaspace       used 59358K, committed 60672K, reserved 1114112K
  class space    used 6443K, committed 6976K, reserved 1048576K
GC Heap History (20 events):
Event: 35.621 GC heap before
{Heap before GC invocations=52 (full 2):
 PSYoungGen      total 32768K, used 32572K [0x00000000eab00000, 0x00000000ecc00000, 0x0000000100000000)
  eden space 31232K, 100% used [0x00000000eab00000,0x00000000ec980000,0x00000000ec980000)
  from space 1536K, 87% used [0x00000000ec980000,0x00000000ecacf218,0x00000000ecb00000)
  to   space 1024K, 0% used [0x00000000ecb00000,0x00000000ecb00000,0x00000000ecc00000)
 ParOldGen       total 143360K, used 142865K [0x00000000c0000000, 0x00000000c8c00000, 0x00000000eab00000)
  object space 143360K, 99% used [0x00000000c0000000,0x00000000c8b84688,0x00000000c8c00000)
 Metaspace       used 57953K, committed 59328K, reserved 1114112K
  class space    used 6285K, committed 6848K, reserved 1048576K
}
Event: 35.630 GC heap after
{Heap after GC invocations=52 (full 2):
 PSYoungGen      total 31232K, used 1004K [0x00000000eab00000, 0x00000000ece00000, 0x0000000100000000)
  eden space 30208K, 0% used [0x00000000eab00000,0x00000000eab00000,0x00000000ec880000)
  from space 1024K, 98% used [0x00000000ecb00000,0x00000000ecbfb138,0x00000000ecc00000)
  to   space 2560K, 0% used [0x00000000ec880000,0x00000000ec880000,0x00000000ecb00000)
 ParOldGen       total 144384K, used 144006K [0x00000000c0000000, 0x00000000c8d00000, 0x00000000eab00000)
  object space 144384K, 99% used [0x00000000c0000000,0x00000000c8ca1900,0x00000000c8d00000)
 Metaspace       used 57953K, committed 59328K, reserved 1114112K
  class space    used 6285K, committed 6848K, reserved 1048576K
}
Event: 36.065 GC heap before
{Heap before GC invocations=53 (full 2):
 PSYoungGen      total 31232K, used 31212K [0x00000000eab00000, 0x00000000ece00000, 0x0000000100000000)
  eden space 30208K, 100% used [0x00000000eab00000,0x00000000ec880000,0x00000000ec880000)
  from space 1024K, 98% used [0x00000000ecb00000,0x00000000ecbfb138,0x00000000ecc00000)
  to   space 2560K, 0% used [0x00000000ec880000,0x00000000ec880000,0x00000000ecb00000)
 ParOldGen       total 144384K, used 144006K [0x00000000c0000000, 0x00000000c8d00000, 0x00000000eab00000)
  object space 144384K, 99% used [0x00000000c0000000,0x00000000c8ca1900,0x00000000c8d00000)
 Metaspace       used 58045K, committed 59392K, reserved 1114112K
  class space    used 6289K, committed 6848K, reserved 1048576K
}
Event: 36.073 GC heap after
{Heap after GC invocations=53 (full 2):
 PSYoungGen      total 31232K, used 672K [0x00000000eab00000, 0x00000000ecc00000, 0x0000000100000000)
  eden space 30208K, 0% used [0x00000000eab00000,0x00000000eab00000,0x00000000ec880000)
  from space 1024K, 65% used [0x00000000ec880000,0x00000000ec928000,0x00000000ec980000)
  to   space 1536K, 0% used [0x00000000eca80000,0x00000000eca80000,0x00000000ecc00000)
 ParOldGen       total 144896K, used 144683K [0x00000000c0000000, 0x00000000c8d80000, 0x00000000eab00000)
  object space 144896K, 99% used [0x00000000c0000000,0x00000000c8d4af28,0x00000000c8d80000)
 Metaspace       used 58045K, committed 59392K, reserved 1114112K
  class space    used 6289K, committed 6848K, reserved 1048576K
}
Event: 36.329 GC heap before
{Heap before GC invocations=54 (full 2):
 PSYoungGen      total 31232K, used 30880K [0x00000000eab00000, 0x00000000ecc00000, 0x0000000100000000)
  eden space 30208K, 100% used [0x00000000eab00000,0x00000000ec880000,0x00000000ec880000)
  from space 1024K, 65% used [0x00000000ec880000,0x00000000ec928000,0x00000000ec980000)
  to   space 1536K, 0% used [0x00000000eca80000,0x00000000eca80000,0x00000000ecc00000)
 ParOldGen       total 144896K, used 144683K [0x00000000c0000000, 0x00000000c8d80000, 0x00000000eab00000)
  object space 144896K, 99% used [0x00000000c0000000,0x00000000c8d4af28,0x00000000c8d80000)
 Metaspace       used 58118K, committed 59456K, reserved 1114112K
  class space    used 6296K, committed 6848K, reserved 1048576K
}
Event: 36.336 GC heap after
{Heap after GC invocations=54 (full 2):
 PSYoungGen      total 32768K, used 832K [0x00000000eab00000, 0x00000000ecc00000, 0x0000000100000000)
  eden space 31232K, 0% used [0x00000000eab00000,0x00000000eab00000,0x00000000ec980000)
  from space 1536K, 54% used [0x00000000eca80000,0x00000000ecb50000,0x00000000ecc00000)
  to   space 1024K, 0% used [0x00000000ec980000,0x00000000ec980000,0x00000000eca80000)
 ParOldGen       total 145408K, used 145091K [0x00000000c0000000, 0x00000000c8e00000, 0x00000000eab00000)
  object space 145408K, 99% used [0x00000000c0000000,0x00000000c8db0f50,0x00000000c8e00000)
 Metaspace       used 58118K, committed 59456K, reserved 1114112K
  class space    used 6296K, committed 6848K, reserved 1048576K
}
Event: 36.667 GC heap before
{Heap before GC invocations=55 (full 2):
 PSYoungGen      total 32768K, used 32064K [0x00000000eab00000, 0x00000000ecc00000, 0x0000000100000000)
  eden space 31232K, 100% used [0x00000000eab00000,0x00000000ec980000,0x00000000ec980000)
  from space 1536K, 54% used [0x00000000eca80000,0x00000000ecb50000,0x00000000ecc00000)
  to   space 1024K, 0% used [0x00000000ec980000,0x00000000ec980000,0x00000000eca80000)
 ParOldGen       total 145408K, used 145091K [0x00000000c0000000, 0x00000000c8e00000, 0x00000000eab00000)
  object space 145408K, 99% used [0x00000000c0000000,0x00000000c8db0f50,0x00000000c8e00000)
 Metaspace       used 58192K, committed 59520K, reserved 1114112K
  class space    used 6306K, committed 6912K, reserved 1048576K
}
Event: 36.673 GC heap after
{Heap after GC invocations=55 (full 2):
 PSYoungGen      total 32256K, used 736K [0x00000000eab00000, 0x00000000ecc00000, 0x0000000100000000)
  eden space 31232K, 0% used [0x00000000eab00000,0x00000000eab00000,0x00000000ec980000)
  from space 1024K, 71% used [0x00000000ec980000,0x00000000eca38000,0x00000000eca80000)
  to   space 1024K, 0% used [0x00000000ecb00000,0x00000000ecb00000,0x00000000ecc00000)
 ParOldGen       total 145920K, used 145608K [0x00000000c0000000, 0x00000000c8e80000, 0x00000000eab00000)
  object space 145920K, 99% used [0x00000000c0000000,0x00000000c8e32320,0x00000000c8e80000)
 Metaspace       used 58192K, committed 59520K, reserved 1114112K
  class space    used 6306K, committed 6912K, reserved 1048576K
}
Event: 37.050 GC heap before
{Heap before GC invocations=56 (full 2):
 PSYoungGen      total 32256K, used 31968K [0x00000000eab00000, 0x00000000ecc00000, 0x0000000100000000)
  eden space 31232K, 100% used [0x00000000eab00000,0x00000000ec980000,0x00000000ec980000)
  from space 1024K, 71% used [0x00000000ec980000,0x00000000eca38000,0x00000000eca80000)
  to   space 1024K, 0% used [0x00000000ecb00000,0x00000000ecb00000,0x00000000ecc00000)
 ParOldGen       total 145920K, used 145608K [0x00000000c0000000, 0x00000000c8e80000, 0x00000000eab00000)
  object space 145920K, 99% used [0x00000000c0000000,0x00000000c8e32320,0x00000000c8e80000)
 Metaspace       used 58278K, committed 59648K, reserved 1114112K
  class space    used 6321K, committed 6912K, reserved 1048576K
}
Event: 37.054 GC heap after
{Heap after GC invocations=56 (full 2):
 PSYoungGen      total 32768K, used 753K [0x00000000eab00000, 0x00000000ecc00000, 0x0000000100000000)
  eden space 31744K, 0% used [0x00000000eab00000,0x00000000eab00000,0x00000000eca00000)
  from space 1024K, 73% used [0x00000000ecb00000,0x00000000ecbbc400,0x00000000ecc00000)
  to   space 1024K, 0% used [0x00000000eca00000,0x00000000eca00000,0x00000000ecb00000)
 ParOldGen       total 145920K, used 145857K [0x00000000c0000000, 0x00000000c8e80000, 0x00000000eab00000)
  object space 145920K, 99% used [0x00000000c0000000,0x00000000c8e705a8,0x00000000c8e80000)
 Metaspace       used 58278K, committed 59648K, reserved 1114112K
  class space    used 6321K, committed 6912K, reserved 1048576K
}
Event: 37.118 GC heap before
{Heap before GC invocations=57 (full 3):
 PSYoungGen      total 32768K, used 13123K [0x00000000eab00000, 0x00000000ecc00000, 0x0000000100000000)
  eden space 31744K, 38% used [0x00000000eab00000,0x00000000eb714828,0x00000000eca00000)
  from space 1024K, 73% used [0x00000000ecb00000,0x00000000ecbbc400,0x00000000ecc00000)
  to   space 1024K, 0% used [0x00000000eca00000,0x00000000eca00000,0x00000000ecb00000)
 ParOldGen       total 145920K, used 145857K [0x00000000c0000000, 0x00000000c8e80000, 0x00000000eab00000)
  object space 145920K, 99% used [0x00000000c0000000,0x00000000c8e705a8,0x00000000c8e80000)
 Metaspace       used 58403K, committed 59776K, reserved 1114112K
  class space    used 6331K, committed 6912K, reserved 1048576K
}
Event: 37.327 GC heap after
{Heap after GC invocations=57 (full 3):
 PSYoungGen      total 32768K, used 0K [0x00000000eab00000, 0x00000000ecc00000, 0x0000000100000000)
  eden space 31744K, 0% used [0x00000000eab00000,0x00000000eab00000,0x00000000eca00000)
  from space 1024K, 0% used [0x00000000ecb00000,0x00000000ecb00000,0x00000000ecc00000)
  to   space 1024K, 0% used [0x00000000eca00000,0x00000000eca00000,0x00000000ecb00000)
 ParOldGen       total 145920K, used 131340K [0x00000000c0000000, 0x00000000c8e80000, 0x00000000eab00000)
  object space 145920K, 90% used [0x00000000c0000000,0x00000000c80433c8,0x00000000c8e80000)
 Metaspace       used 58398K, committed 59776K, reserved 1114112K
  class space    used 6329K, committed 6912K, reserved 1048576K
}
Event: 37.494 GC heap before
{Heap before GC invocations=58 (full 3):
 PSYoungGen      total 32768K, used 31744K [0x00000000eab00000, 0x00000000ecc00000, 0x0000000100000000)
  eden space 31744K, 100% used [0x00000000eab00000,0x00000000eca00000,0x00000000eca00000)
  from space 1024K, 0% used [0x00000000ecb00000,0x00000000ecb00000,0x00000000ecc00000)
  to   space 1024K, 0% used [0x00000000eca00000,0x00000000eca00000,0x00000000ecb00000)
 ParOldGen       total 145920K, used 131340K [0x00000000c0000000, 0x00000000c8e80000, 0x00000000eab00000)
  object space 145920K, 90% used [0x00000000c0000000,0x00000000c80433c8,0x00000000c8e80000)
 Metaspace       used 58572K, committed 59968K, reserved 1114112K
  class space    used 6346K, committed 6912K, reserved 1048576K
}
Event: 37.497 GC heap after
{Heap after GC invocations=58 (full 3):
 PSYoungGen      total 32768K, used 928K [0x00000000eab00000, 0x00000000ecc00000, 0x0000000100000000)
  eden space 31744K, 0% used [0x00000000eab00000,0x00000000eab00000,0x00000000eca00000)
  from space 1024K, 90% used [0x00000000eca00000,0x00000000ecae8250,0x00000000ecb00000)
  to   space 1024K, 0% used [0x00000000ecb00000,0x00000000ecb00000,0x00000000ecc00000)
 ParOldGen       total 145920K, used 131340K [0x00000000c0000000, 0x00000000c8e80000, 0x00000000eab00000)
  object space 145920K, 90% used [0x00000000c0000000,0x00000000c80433c8,0x00000000c8e80000)
 Metaspace       used 58572K, committed 59968K, reserved 1114112K
  class space    used 6346K, committed 6912K, reserved 1048576K
}
Event: 37.722 GC heap before
{Heap before GC invocations=59 (full 3):
 PSYoungGen      total 32768K, used 32672K [0x00000000eab00000, 0x00000000ecc00000, 0x0000000100000000)
  eden space 31744K, 100% used [0x00000000eab00000,0x00000000eca00000,0x00000000eca00000)
  from space 1024K, 90% used [0x00000000eca00000,0x00000000ecae8250,0x00000000ecb00000)
  to   space 1024K, 0% used [0x00000000ecb00000,0x00000000ecb00000,0x00000000ecc00000)
 ParOldGen       total 145920K, used 131340K [0x00000000c0000000, 0x00000000c8e80000, 0x00000000eab00000)
  object space 145920K, 90% used [0x00000000c0000000,0x00000000c80433c8,0x00000000c8e80000)
 Metaspace       used 58608K, committed 59968K, reserved 1114112K
  class space    used 6352K, committed 6912K, reserved 1048576K
}
Event: 37.726 GC heap after
{Heap after GC invocations=59 (full 3):
 PSYoungGen      total 32768K, used 904K [0x00000000eab00000, 0x00000000ecc00000, 0x0000000100000000)
  eden space 31744K, 0% used [0x00000000eab00000,0x00000000eab00000,0x00000000eca00000)
  from space 1024K, 88% used [0x00000000ecb00000,0x00000000ecbe2368,0x00000000ecc00000)
  to   space 1024K, 0% used [0x00000000eca00000,0x00000000eca00000,0x00000000ecb00000)
 ParOldGen       total 145920K, used 131831K [0x00000000c0000000, 0x00000000c8e80000, 0x00000000eab00000)
  object space 145920K, 90% used [0x00000000c0000000,0x00000000c80bdfa0,0x00000000c8e80000)
 Metaspace       used 58608K, committed 59968K, reserved 1114112K
  class space    used 6352K, committed 6912K, reserved 1048576K
}
Event: 37.962 GC heap before
{Heap before GC invocations=60 (full 3):
 PSYoungGen      total 32768K, used 32648K [0x00000000eab00000, 0x00000000ecc00000, 0x0000000100000000)
  eden space 31744K, 100% used [0x00000000eab00000,0x00000000eca00000,0x00000000eca00000)
  from space 1024K, 88% used [0x00000000ecb00000,0x00000000ecbe2368,0x00000000ecc00000)
  to   space 1024K, 0% used [0x00000000eca00000,0x00000000eca00000,0x00000000ecb00000)
 ParOldGen       total 145920K, used 131831K [0x00000000c0000000, 0x00000000c8e80000, 0x00000000eab00000)
  object space 145920K, 90% used [0x00000000c0000000,0x00000000c80bdfa0,0x00000000c8e80000)
 Metaspace       used 58866K, committed 60288K, reserved 1114112K
  class space    used 6391K, committed 6976K, reserved 1048576K
}
Event: 37.965 GC heap after
{Heap after GC invocations=60 (full 3):
 PSYoungGen      total 32256K, used 1000K [0x00000000eab00000, 0x00000000ed080000, 0x0000000100000000)
  eden space 31232K, 0% used [0x00000000eab00000,0x00000000eab00000,0x00000000ec980000)
  from space 1024K, 97% used [0x00000000eca00000,0x00000000ecafa078,0x00000000ecb00000)
  to   space 3584K, 0% used [0x00000000ecd00000,0x00000000ecd00000,0x00000000ed080000)
 ParOldGen       total 145920K, used 133854K [0x00000000c0000000, 0x00000000c8e80000, 0x00000000eab00000)
  object space 145920K, 91% used [0x00000000c0000000,0x00000000c82b7838,0x00000000c8e80000)
 Metaspace       used 58866K, committed 60288K, reserved 1114112K
  class space    used 6391K, committed 6976K, reserved 1048576K
}
Event: 38.143 GC heap before
{Heap before GC invocations=61 (full 3):
 PSYoungGen      total 32256K, used 32232K [0x00000000eab00000, 0x00000000ed080000, 0x0000000100000000)
  eden space 31232K, 100% used [0x00000000eab00000,0x00000000ec980000,0x00000000ec980000)
  from space 1024K, 97% used [0x00000000eca00000,0x00000000ecafa078,0x00000000ecb00000)
  to   space 3584K, 0% used [0x00000000ecd00000,0x00000000ecd00000,0x00000000ed080000)
 ParOldGen       total 145920K, used 133854K [0x00000000c0000000, 0x00000000c8e80000, 0x00000000eab00000)
  object space 145920K, 91% used [0x00000000c0000000,0x00000000c82b7838,0x00000000c8e80000)
 Metaspace       used 59177K, committed 60544K, reserved 1114112K
  class space    used 6419K, committed 6976K, reserved 1048576K
}
Event: 38.148 GC heap after
{Heap after GC invocations=61 (full 3):
 PSYoungGen      total 33280K, used 2435K [0x00000000eab00000, 0x00000000ecf80000, 0x0000000100000000)
  eden space 30720K, 0% used [0x00000000eab00000,0x00000000eab00000,0x00000000ec900000)
  from space 2560K, 95% used [0x00000000ecd00000,0x00000000ecf60db0,0x00000000ecf80000)
  to   space 3072K, 0% used [0x00000000ec980000,0x00000000ec980000,0x00000000ecc80000)
 ParOldGen       total 145920K, used 134692K [0x00000000c0000000, 0x00000000c8e80000, 0x00000000eab00000)
  object space 145920K, 92% used [0x00000000c0000000,0x00000000c8389250,0x00000000c8e80000)
 Metaspace       used 59177K, committed 60544K, reserved 1114112K
  class space    used 6419K, committed 6976K, reserved 1048576K
}

