# JRE version: Java(TM) SE Runtime Environment (21.0.4+8) (build 21.0.4+8-LTS-274)
# Java VM: Java HotSpot(TM) 64-Bit Server VM (21.0.4+8-LTS-274, mixed mode, emulated-client, sharing, tiered, compressed oops, compressed class ptrs, g1 gc, windows-amd64)
GC Precious Log:
 CardTable entry size: 512
 Card Set container configuration: InlinePtr #cards 5 size 8 Array Of Cards #cards 12 size 40 Howl #buckets 4 coarsen threshold 1843 Howl Bitmap #cards 512 size 80 coarsen threshold 460 Card regions per heap region 1 cards per card region 2048
 CPUs: 8 total, 8 available
 Memory: 7926M
 Large Page Support: Disabled
 NUMA Support: Disabled
 Compressed Oops: Enabled (32-bit)
 Heap Region Size: 1M
 Heap Min Capacity: 8M
 Heap Initial Capacity: 124M
 Heap Max Capacity: 1G
 Pre-touch: Disabled
 Parallel Workers: 8
 Concurrent Workers: 2
 Concurrent Refinement Workers: 8
 Periodic GC: Disabled
Heap:
 garbage-first heap   total 99328K, used 28940K [0x00000000c0000000, 0x0000000100000000)
  region size 1024K, 1 young (1024K), 0 survivors (0K)
 Metaspace       used 43325K, committed 44352K, reserved 1114112K
  class space    used 5693K, committed 6080K, reserved 1048576K
GC Heap History (20 events):
Event: 91946.247 GC heap after
{Heap after GC invocations=1879 (full 1870):
 garbage-first heap   total 99328K, used 28940K [0x00000000c0000000, 0x0000000100000000)
  region size 1024K, 0 young (0K), 0 survivors (0K)
 Metaspace       used 43325K, committed 44352K, reserved 1114112K
  class space    used 5693K, committed 6080K, reserved 1048576K
}
Event: 91956.601 GC heap before
{Heap before GC invocations=1879 (full 1870):
 garbage-first heap   total 99328K, used 28940K [0x00000000c0000000, 0x0000000100000000)
  region size 1024K, 1 young (1024K), 0 survivors (0K)
 Metaspace       used 43325K, committed 44352K, reserved 1114112K
  class space    used 5693K, committed 6080K, reserved 1048576K
}
Event: 91956.629 GC heap after
{Heap after GC invocations=1880 (full 1871):
 garbage-first heap   total 99328K, used 28940K [0x00000000c0000000, 0x0000000100000000)
  region size 1024K, 0 young (0K), 0 survivors (0K)
 Metaspace       used 43325K, committed 44352K, reserved 1114112K
  class space    used 5693K, committed 6080K, reserved 1048576K
}
Event: 91966.951 GC heap before
{Heap before GC invocations=1880 (full 1871):
 garbage-first heap   total 99328K, used 28940K [0x00000000c0000000, 0x0000000100000000)
  region size 1024K, 1 young (1024K), 0 survivors (0K)
 Metaspace       used 43325K, committed 44352K, reserved 1114112K
  class space    used 5693K, committed 6080K, reserved 1048576K
}
Event: 91966.980 GC heap after
{Heap after GC invocations=1881 (full 1872):
 garbage-first heap   total 99328K, used 28940K [0x00000000c0000000, 0x0000000100000000)
  region size 1024K, 0 young (0K), 0 survivors (0K)
 Metaspace       used 43325K, committed 44352K, reserved 1114112K
  class space    used 5693K, committed 6080K, reserved 1048576K
}
Event: 91979.483 GC heap before
{Heap before GC invocations=1881 (full 1872):
 garbage-first heap   total 99328K, used 28940K [0x00000000c0000000, 0x0000000100000000)
  region size 1024K, 1 young (1024K), 0 survivors (0K)
 Metaspace       used 43325K, committed 44352K, reserved 1114112K
  class space    used 5693K, committed 6080K, reserved 1048576K
}
Event: 91979.541 GC heap after
{Heap after GC invocations=1882 (full 1873):
 garbage-first heap   total 99328K, used 28940K [0x00000000c0000000, 0x0000000100000000)
  region size 1024K, 0 young (0K), 0 survivors (0K)
 Metaspace       used 43325K, committed 44352K, reserved 1114112K
  class space    used 5693K, committed 6080K, reserved 1048576K
}
Event: 91990.802 GC heap before
{Heap before GC invocations=1882 (full 1873):
 garbage-first heap   total 99328K, used 28940K [0x00000000c0000000, 0x0000000100000000)
  region size 1024K, 1 young (1024K), 0 survivors (0K)
 Metaspace       used 43325K, committed 44352K, reserved 1114112K
  class space    used 5693K, committed 6080K, reserved 1048576K
}
Event: 91990.844 GC heap after
{Heap after GC invocations=1883 (full 1874):
 garbage-first heap   total 99328K, used 28940K [0x00000000c0000000, 0x0000000100000000)
  region size 1024K, 0 young (0K), 0 survivors (0K)
 Metaspace       used 43325K, committed 44352K, reserved 1114112K
  class space    used 5693K, committed 6080K, reserved 1048576K
}
Event: 92001.148 GC heap before
{Heap before GC invocations=1883 (full 1874):
 garbage-first heap   total 99328K, used 28940K [0x00000000c0000000, 0x0000000100000000)
  region size 1024K, 1 young (1024K), 0 survivors (0K)
 Metaspace       used 43325K, committed 44352K, reserved 1114112K
  class space    used 5693K, committed 6080K, reserved 1048576K
}
Event: 92001.173 GC heap after
{Heap after GC invocations=1884 (full 1875):
 garbage-first heap   total 99328K, used 28940K [0x00000000c0000000, 0x0000000100000000)
  region size 1024K, 0 young (0K), 0 survivors (0K)
 Metaspace       used 43325K, committed 44352K, reserved 1114112K
  class space    used 5693K, committed 6080K, reserved 1048576K
}
Event: 92011.646 GC heap before
{Heap before GC invocations=1884 (full 1875):
 garbage-first heap   total 99328K, used 28940K [0x00000000c0000000, 0x0000000100000000)
  region size 1024K, 1 young (1024K), 0 survivors (0K)
 Metaspace       used 43325K, committed 44352K, reserved 1114112K
  class space    used 5693K, committed 6080K, reserved 1048576K
}
Event: 92011.681 GC heap after
{Heap after GC invocations=1885 (full 1876):
 garbage-first heap   total 99328K, used 28940K [0x00000000c0000000, 0x0000000100000000)
  region size 1024K, 0 young (0K), 0 survivors (0K)
 Metaspace       used 43325K, committed 44352K, reserved 1114112K
  class space    used 5693K, committed 6080K, reserved 1048576K
}
Event: 92022.470 GC heap before
{Heap before GC invocations=1885 (full 1876):
 garbage-first heap   total 99328K, used 28940K [0x00000000c0000000, 0x0000000100000000)
  region size 1024K, 1 young (1024K), 0 survivors (0K)
 Metaspace       used 43325K, committed 44352K, reserved 1114112K
  class space    used 5693K, committed 6080K, reserved 1048576K
}
Event: 92022.513 GC heap after
{Heap after GC invocations=1886 (full 1877):
 garbage-first heap   total 99328K, used 28940K [0x00000000c0000000, 0x0000000100000000)
  region size 1024K, 0 young (0K), 0 survivors (0K)
 Metaspace       used 43325K, committed 44352K, reserved 1114112K
  class space    used 5693K, committed 6080K, reserved 1048576K
}
Event: 92032.938 GC heap before
{Heap before GC invocations=1886 (full 1877):
 garbage-first heap   total 99328K, used 28940K [0x00000000c0000000, 0x0000000100000000)
  region size 1024K, 1 young (1024K), 0 survivors (0K)
 Metaspace       used 43325K, committed 44352K, reserved 1114112K
  class space    used 5693K, committed 6080K, reserved 1048576K
}
Event: 92032.987 GC heap after
{Heap after GC invocations=1887 (full 1878):
 garbage-first heap   total 99328K, used 28940K [0x00000000c0000000, 0x0000000100000000)
  region size 1024K, 0 young (0K), 0 survivors (0K)
 Metaspace       used 43325K, committed 44352K, reserved 1114112K
  class space    used 5693K, committed 6080K, reserved 1048576K
}
Event: 92043.241 GC heap before
{Heap before GC invocations=1887 (full 1878):
 garbage-first heap   total 99328K, used 28940K [0x00000000c0000000, 0x0000000100000000)
  region size 1024K, 1 young (1024K), 0 survivors (0K)
 Metaspace       used 43325K, committed 44352K, reserved 1114112K
  class space    used 5693K, committed 6080K, reserved 1048576K
}
Event: 92043.266 GC heap after
{Heap after GC invocations=1888 (full 1879):
 garbage-first heap   total 99328K, used 28940K [0x00000000c0000000, 0x0000000100000000)
  region size 1024K, 0 young (0K), 0 survivors (0K)
 Metaspace       used 43325K, committed 44352K, reserved 1114112K
  class space    used 5693K, committed 6080K, reserved 1048576K
}
Event: 92053.323 GC heap before
{Heap before GC invocations=1888 (full 1879):
 garbage-first heap   total 99328K, used 28940K [0x00000000c0000000, 0x0000000100000000)
  region size 1024K, 1 young (1024K), 0 survivors (0K)
 Metaspace       used 43325K, committed 44352K, reserved 1114112K
  class space    used 5693K, committed 6080K, reserved 1048576K
}

