# JRE version: Java(TM) SE Runtime Environment (23.0.1+11) (build 23.0.1+11-39)
# Java VM: Java HotSpot(TM) 64-Bit Server VM (23.0.1+11-39, mixed mode, sharing, tiered, compressed oops, compressed class ptrs, parallel gc, windows-amd64)
GC Precious Log:
 CardTable entry size: 512
 CPUs: 8 total, 8 available
 Memory: 7926M
 Large Page Support: Disabled
 NUMA Support: Disabled
 Compressed Oops: Enabled (32-bit)
 Alignments: Space 512K, Generation 512K, Heap 2M
 Heap Min Capacity: 100M
 Heap Initial Capacity: 100M
 Heap Max Capacity: 1G
 Pre-touch: Disabled
 Parallel Workers: 8
Heap:
 PSYoungGen      total 32256K, used 9013K [0x00000000eab00000, 0x00000000ecc00000, 0x0000000100000000)
  eden space 29696K, 29% used [0x00000000eab00000,0x00000000eb395480,0x00000000ec800000)
  from space 2560K, 8% used [0x00000000ec980000,0x00000000ec9b8000,0x00000000ecc00000)
  to   space 1536K, 0% used [0x00000000ec800000,0x00000000ec800000,0x00000000ec980000)
 ParOldGen       total 68608K, used 32557K [0x00000000c0000000, 0x00000000c4300000, 0x00000000eab00000)
  object space 68608K, 47% used [0x00000000c0000000,0x00000000c1fcb440,0x00000000c4300000)
 Metaspace       used 41355K, committed 42304K, reserved 1114112K
  class space    used 4239K, committed 4672K, reserved 1048576K
GC Heap History (20 events):
Event: 13.582 GC heap before
{Heap before GC invocations=11 (full 1):
 PSYoungGen      total 29696K, used 29539K [0x00000000eab00000, 0x00000000ecd80000, 0x0000000100000000)
  eden space 24064K, 100% used [0x00000000eab00000,0x00000000ec280000,0x00000000ec280000)
  from space 5632K, 97% used [0x00000000ec300000,0x00000000ec858d58,0x00000000ec880000)
  to   space 5120K, 0% used [0x00000000ec880000,0x00000000ec880000,0x00000000ecd80000)
 ParOldGen       total 68608K, used 11560K [0x00000000c0000000, 0x00000000c4300000, 0x00000000eab00000)
  object space 68608K, 16% used [0x00000000c0000000,0x00000000c0b4a0d0,0x00000000c4300000)
 Metaspace       used 32366K, committed 33344K, reserved 1114112K
  class space    used 3316K, committed 3776K, reserved 1048576K
}
Event: 13.592 GC heap after
{Heap after GC invocations=11 (full 1):
 PSYoungGen      total 29184K, used 4529K [0x00000000eab00000, 0x00000000ecd00000, 0x0000000100000000)
  eden space 24576K, 0% used [0x00000000eab00000,0x00000000eab00000,0x00000000ec300000)
  from space 4608K, 98% used [0x00000000ec880000,0x00000000eccec500,0x00000000ecd00000)
  to   space 5120K, 0% used [0x00000000ec300000,0x00000000ec300000,0x00000000ec800000)
 ParOldGen       total 68608K, used 14826K [0x00000000c0000000, 0x00000000c4300000, 0x00000000eab00000)
  object space 68608K, 21% used [0x00000000c0000000,0x00000000c0e7abf8,0x00000000c4300000)
 Metaspace       used 32366K, committed 33344K, reserved 1114112K
  class space    used 3316K, committed 3776K, reserved 1048576K
}
Event: 13.923 GC heap before
{Heap before GC invocations=12 (full 1):
 PSYoungGen      total 29184K, used 29105K [0x00000000eab00000, 0x00000000ecd00000, 0x0000000100000000)
  eden space 24576K, 100% used [0x00000000eab00000,0x00000000ec300000,0x00000000ec300000)
  from space 4608K, 98% used [0x00000000ec880000,0x00000000eccec500,0x00000000ecd00000)
  to   space 5120K, 0% used [0x00000000ec300000,0x00000000ec300000,0x00000000ec800000)
 ParOldGen       total 68608K, used 14826K [0x00000000c0000000, 0x00000000c4300000, 0x00000000eab00000)
  object space 68608K, 21% used [0x00000000c0000000,0x00000000c0e7abf8,0x00000000c4300000)
 Metaspace       used 32485K, committed 33536K, reserved 1114112K
  class space    used 3316K, committed 3776K, reserved 1048576K
}
Event: 13.930 GC heap after
{Heap after GC invocations=12 (full 1):
 PSYoungGen      total 29696K, used 2402K [0x00000000eab00000, 0x00000000ecc00000, 0x0000000100000000)
  eden space 24576K, 0% used [0x00000000eab00000,0x00000000eab00000,0x00000000ec300000)
  from space 5120K, 46% used [0x00000000ec300000,0x00000000ec558810,0x00000000ec800000)
  to   space 3584K, 0% used [0x00000000ec880000,0x00000000ec880000,0x00000000ecc00000)
 ParOldGen       total 68608K, used 19153K [0x00000000c0000000, 0x00000000c4300000, 0x00000000eab00000)
  object space 68608K, 27% used [0x00000000c0000000,0x00000000c12b4588,0x00000000c4300000)
 Metaspace       used 32485K, committed 33536K, reserved 1114112K
  class space    used 3316K, committed 3776K, reserved 1048576K
}
Event: 16.797 GC heap before
{Heap before GC invocations=13 (full 1):
 PSYoungGen      total 29696K, used 26928K [0x00000000eab00000, 0x00000000ecc00000, 0x0000000100000000)
  eden space 24576K, 99% used [0x00000000eab00000,0x00000000ec2f3820,0x00000000ec300000)
  from space 5120K, 46% used [0x00000000ec300000,0x00000000ec558810,0x00000000ec800000)
  to   space 3584K, 0% used [0x00000000ec880000,0x00000000ec880000,0x00000000ecc00000)
 ParOldGen       total 68608K, used 19153K [0x00000000c0000000, 0x00000000c4300000, 0x00000000eab00000)
  object space 68608K, 27% used [0x00000000c0000000,0x00000000c12b4588,0x00000000c4300000)
 Metaspace       used 34603K, committed 35584K, reserved 1114112K
  class space    used 3575K, committed 4032K, reserved 1048576K
}
Event: 16.804 GC heap after
{Heap after GC invocations=13 (full 1):
 PSYoungGen      total 31744K, used 1399K [0x00000000eab00000, 0x00000000ecc00000, 0x0000000100000000)
  eden space 28160K, 0% used [0x00000000eab00000,0x00000000eab00000,0x00000000ec680000)
  from space 3584K, 39% used [0x00000000ec880000,0x00000000ec9ddcb0,0x00000000ecc00000)
  to   space 2048K, 0% used [0x00000000ec680000,0x00000000ec680000,0x00000000ec880000)
 ParOldGen       total 68608K, used 21443K [0x00000000c0000000, 0x00000000c4300000, 0x00000000eab00000)
  object space 68608K, 31% used [0x00000000c0000000,0x00000000c14f0d98,0x00000000c4300000)
 Metaspace       used 34603K, committed 35584K, reserved 1114112K
  class space    used 3575K, committed 4032K, reserved 1048576K
}
Event: 17.910 GC heap before
{Heap before GC invocations=14 (full 2):
 PSYoungGen      total 31744K, used 9783K [0x00000000eab00000, 0x00000000ecc00000, 0x0000000100000000)
  eden space 28160K, 29% used [0x00000000eab00000,0x00000000eb3300f0,0x00000000ec680000)
  from space 3584K, 39% used [0x00000000ec880000,0x00000000ec9ddcb0,0x00000000ecc00000)
  to   space 2048K, 0% used [0x00000000ec680000,0x00000000ec680000,0x00000000ec880000)
 ParOldGen       total 68608K, used 21443K [0x00000000c0000000, 0x00000000c4300000, 0x00000000eab00000)
  object space 68608K, 31% used [0x00000000c0000000,0x00000000c14f0d98,0x00000000c4300000)
 Metaspace       used 34828K, committed 35840K, reserved 1114112K
  class space    used 3620K, committed 4096K, reserved 1048576K
}
Event: 17.962 GC heap after
{Heap after GC invocations=14 (full 2):
 PSYoungGen      total 31744K, used 0K [0x00000000eab00000, 0x00000000ecc00000, 0x0000000100000000)
  eden space 28160K, 0% used [0x00000000eab00000,0x00000000eab00000,0x00000000ec680000)
  from space 3584K, 0% used [0x00000000ec880000,0x00000000ec880000,0x00000000ecc00000)
  to   space 2048K, 0% used [0x00000000ec680000,0x00000000ec680000,0x00000000ec880000)
 ParOldGen       total 68608K, used 22727K [0x00000000c0000000, 0x00000000c4300000, 0x00000000eab00000)
  object space 68608K, 33% used [0x00000000c0000000,0x00000000c1631d58,0x00000000c4300000)
 Metaspace       used 34722K, committed 35840K, reserved 1114112K
  class space    used 3589K, committed 4096K, reserved 1048576K
}
Event: 22.145 GC heap before
{Heap before GC invocations=15 (full 2):
 PSYoungGen      total 31744K, used 28152K [0x00000000eab00000, 0x00000000ecc00000, 0x0000000100000000)
  eden space 28160K, 99% used [0x00000000eab00000,0x00000000ec67e3e0,0x00000000ec680000)
  from space 3584K, 0% used [0x00000000ec880000,0x00000000ec880000,0x00000000ecc00000)
  to   space 2048K, 0% used [0x00000000ec680000,0x00000000ec680000,0x00000000ec880000)
 ParOldGen       total 68608K, used 22727K [0x00000000c0000000, 0x00000000c4300000, 0x00000000eab00000)
  object space 68608K, 33% used [0x00000000c0000000,0x00000000c1631d58,0x00000000c4300000)
 Metaspace       used 37322K, committed 38208K, reserved 1114112K
  class space    used 3831K, committed 4224K, reserved 1048576K
}
Event: 22.147 GC heap after
{Heap after GC invocations=15 (full 2):
 PSYoungGen      total 30208K, used 639K [0x00000000eab00000, 0x00000000ecc00000, 0x0000000100000000)
  eden space 28160K, 0% used [0x00000000eab00000,0x00000000eab00000,0x00000000ec680000)
  from space 2048K, 31% used [0x00000000ec680000,0x00000000ec71ff60,0x00000000ec880000)
  to   space 1024K, 0% used [0x00000000ecb00000,0x00000000ecb00000,0x00000000ecc00000)
 ParOldGen       total 68608K, used 22735K [0x00000000c0000000, 0x00000000c4300000, 0x00000000eab00000)
  object space 68608K, 33% used [0x00000000c0000000,0x00000000c1633d58,0x00000000c4300000)
 Metaspace       used 37322K, committed 38208K, reserved 1114112K
  class space    used 3831K, committed 4224K, reserved 1048576K
}
Event: 22.949 GC heap before
{Heap before GC invocations=16 (full 2):
 PSYoungGen      total 30208K, used 28799K [0x00000000eab00000, 0x00000000ecc00000, 0x0000000100000000)
  eden space 28160K, 100% used [0x00000000eab00000,0x00000000ec680000,0x00000000ec680000)
  from space 2048K, 31% used [0x00000000ec680000,0x00000000ec71ff60,0x00000000ec880000)
  to   space 1024K, 0% used [0x00000000ecb00000,0x00000000ecb00000,0x00000000ecc00000)
 ParOldGen       total 68608K, used 22735K [0x00000000c0000000, 0x00000000c4300000, 0x00000000eab00000)
  object space 68608K, 33% used [0x00000000c0000000,0x00000000c1633d58,0x00000000c4300000)
 Metaspace       used 37768K, committed 38720K, reserved 1114112K
  class space    used 3863K, committed 4288K, reserved 1048576K
}
Event: 22.956 GC heap after
{Heap after GC invocations=16 (full 2):
 PSYoungGen      total 28672K, used 1024K [0x00000000eab00000, 0x00000000ecd00000, 0x0000000100000000)
  eden space 27648K, 0% used [0x00000000eab00000,0x00000000eab00000,0x00000000ec600000)
  from space 1024K, 100% used [0x00000000ecb00000,0x00000000ecc00000,0x00000000ecc00000)
  to   space 3584K, 0% used [0x00000000ec600000,0x00000000ec600000,0x00000000ec980000)
 ParOldGen       total 68608K, used 24659K [0x00000000c0000000, 0x00000000c4300000, 0x00000000eab00000)
  object space 68608K, 35% used [0x00000000c0000000,0x00000000c1814d98,0x00000000c4300000)
 Metaspace       used 37768K, committed 38720K, reserved 1114112K
  class space    used 3863K, committed 4288K, reserved 1048576K
}
Event: 23.085 GC heap before
{Heap before GC invocations=17 (full 2):
 PSYoungGen      total 28672K, used 28672K [0x00000000eab00000, 0x00000000ecd00000, 0x0000000100000000)
  eden space 27648K, 100% used [0x00000000eab00000,0x00000000ec600000,0x00000000ec600000)
  from space 1024K, 100% used [0x00000000ecb00000,0x00000000ecc00000,0x00000000ecc00000)
  to   space 3584K, 0% used [0x00000000ec600000,0x00000000ec600000,0x00000000ec980000)
 ParOldGen       total 68608K, used 24659K [0x00000000c0000000, 0x00000000c4300000, 0x00000000eab00000)
  object space 68608K, 35% used [0x00000000c0000000,0x00000000c1814d98,0x00000000c4300000)
 Metaspace       used 37769K, committed 38720K, reserved 1114112K
  class space    used 3863K, committed 4288K, reserved 1048576K
}
Event: 23.095 GC heap after
{Heap after GC invocations=17 (full 2):
 PSYoungGen      total 30720K, used 3172K [0x00000000eab00000, 0x00000000ecc80000, 0x0000000100000000)
  eden space 27136K, 0% used [0x00000000eab00000,0x00000000eab00000,0x00000000ec580000)
  from space 3584K, 88% used [0x00000000ec600000,0x00000000ec919010,0x00000000ec980000)
  to   space 3072K, 0% used [0x00000000ec980000,0x00000000ec980000,0x00000000ecc80000)
 ParOldGen       total 68608K, used 25730K [0x00000000c0000000, 0x00000000c4300000, 0x00000000eab00000)
  object space 68608K, 37% used [0x00000000c0000000,0x00000000c1920988,0x00000000c4300000)
 Metaspace       used 37769K, committed 38720K, reserved 1114112K
  class space    used 3863K, committed 4288K, reserved 1048576K
}
Event: 23.211 GC heap before
{Heap before GC invocations=18 (full 2):
 PSYoungGen      total 30720K, used 30308K [0x00000000eab00000, 0x00000000ecc80000, 0x0000000100000000)
  eden space 27136K, 100% used [0x00000000eab00000,0x00000000ec580000,0x00000000ec580000)
  from space 3584K, 88% used [0x00000000ec600000,0x00000000ec919010,0x00000000ec980000)
  to   space 3072K, 0% used [0x00000000ec980000,0x00000000ec980000,0x00000000ecc80000)
 ParOldGen       total 68608K, used 25730K [0x00000000c0000000, 0x00000000c4300000, 0x00000000eab00000)
  object space 68608K, 37% used [0x00000000c0000000,0x00000000c1920988,0x00000000c4300000)
 Metaspace       used 37770K, committed 38720K, reserved 1114112K
  class space    used 3863K, committed 4288K, reserved 1048576K
}
Event: 23.223 GC heap after
{Heap after GC invocations=18 (full 2):
 PSYoungGen      total 30208K, used 2552K [0x00000000eab00000, 0x00000000ecc00000, 0x0000000100000000)
  eden space 27648K, 0% used [0x00000000eab00000,0x00000000eab00000,0x00000000ec600000)
  from space 2560K, 99% used [0x00000000ec980000,0x00000000ecbfe200,0x00000000ecc00000)
  to   space 3072K, 0% used [0x00000000ec600000,0x00000000ec600000,0x00000000ec900000)
 ParOldGen       total 68608K, used 28718K [0x00000000c0000000, 0x00000000c4300000, 0x00000000eab00000)
  object space 68608K, 41% used [0x00000000c0000000,0x00000000c1c0b998,0x00000000c4300000)
 Metaspace       used 37770K, committed 38720K, reserved 1114112K
  class space    used 3863K, committed 4288K, reserved 1048576K
}
Event: 24.700 GC heap before
{Heap before GC invocations=19 (full 2):
 PSYoungGen      total 30208K, used 30200K [0x00000000eab00000, 0x00000000ecc00000, 0x0000000100000000)
  eden space 27648K, 100% used [0x00000000eab00000,0x00000000ec600000,0x00000000ec600000)
  from space 2560K, 99% used [0x00000000ec980000,0x00000000ecbfe200,0x00000000ecc00000)
  to   space 3072K, 0% used [0x00000000ec600000,0x00000000ec600000,0x00000000ec900000)
 ParOldGen       total 68608K, used 28718K [0x00000000c0000000, 0x00000000c4300000, 0x00000000eab00000)
  object space 68608K, 41% used [0x00000000c0000000,0x00000000c1c0b998,0x00000000c4300000)
 Metaspace       used 39199K, committed 40128K, reserved 1114112K
  class space    used 4029K, committed 4416K, reserved 1048576K
}
Event: 24.706 GC heap after
{Heap after GC invocations=19 (full 2):
 PSYoungGen      total 30720K, used 2376K [0x00000000eab00000, 0x00000000ecc00000, 0x0000000100000000)
  eden space 27648K, 0% used [0x00000000eab00000,0x00000000eab00000,0x00000000ec600000)
  from space 3072K, 77% used [0x00000000ec600000,0x00000000ec852018,0x00000000ec900000)
  to   space 2560K, 0% used [0x00000000ec980000,0x00000000ec980000,0x00000000ecc00000)
 ParOldGen       total 68608K, used 31158K [0x00000000c0000000, 0x00000000c4300000, 0x00000000eab00000)
  object space 68608K, 45% used [0x00000000c0000000,0x00000000c1e6db98,0x00000000c4300000)
 Metaspace       used 39199K, committed 40128K, reserved 1114112K
  class space    used 4029K, committed 4416K, reserved 1048576K
}
Event: 25.987 GC heap before
{Heap before GC invocations=20 (full 2):
 PSYoungGen      total 30720K, used 30024K [0x00000000eab00000, 0x00000000ecc00000, 0x0000000100000000)
  eden space 27648K, 100% used [0x00000000eab00000,0x00000000ec600000,0x00000000ec600000)
  from space 3072K, 77% used [0x00000000ec600000,0x00000000ec852018,0x00000000ec900000)
  to   space 2560K, 0% used [0x00000000ec980000,0x00000000ec980000,0x00000000ecc00000)
 ParOldGen       total 68608K, used 31158K [0x00000000c0000000, 0x00000000c4300000, 0x00000000eab00000)
  object space 68608K, 45% used [0x00000000c0000000,0x00000000c1e6db98,0x00000000c4300000)
 Metaspace       used 40334K, committed 41280K, reserved 1114112K
  class space    used 4136K, committed 4544K, reserved 1048576K
}
Event: 25.989 GC heap after
{Heap after GC invocations=20 (full 2):
 PSYoungGen      total 32256K, used 224K [0x00000000eab00000, 0x00000000ecc00000, 0x0000000100000000)
  eden space 29696K, 0% used [0x00000000eab00000,0x00000000eab00000,0x00000000ec800000)
  from space 2560K, 8% used [0x00000000ec980000,0x00000000ec9b8000,0x00000000ecc00000)
  to   space 1536K, 0% used [0x00000000ec800000,0x00000000ec800000,0x00000000ec980000)
 ParOldGen       total 68608K, used 32557K [0x00000000c0000000, 0x00000000c4300000, 0x00000000eab00000)
  object space 68608K, 47% used [0x00000000c0000000,0x00000000c1fcb440,0x00000000c4300000)
 Metaspace       used 40334K, committed 41280K, reserved 1114112K
  class space    used 4136K, committed 4544K, reserved 1048576K
}

