# JRE version: Java(TM) SE Runtime Environment (21.0.4+8) (build 21.0.4+8-LTS-274)
# Java VM: Java HotSpot(TM) 64-Bit Server VM (21.0.4+8-LTS-274, mixed mode, sharing, tiered, compressed oops, compressed class ptrs, g1 gc, windows-amd64)
GC Precious Log:
 CardTable entry size: 512
 Card Set container configuration: InlinePtr #cards 5 size 8 Array Of Cards #cards 12 size 40 Howl #buckets 4 coarsen threshold 1843 Howl Bitmap #cards 512 size 80 coarsen threshold 460 Card regions per heap region 1 cards per card region 2048
 CPUs: 8 total, 8 available
 Memory: 7926M
 Large Page Support: Disabled
 NUMA Support: Disabled
 Compressed Oops: Enabled (32-bit)
 Heap Region Size: 1M
 Heap Min Capacity: 8M
 Heap Initial Capacity: 124M
 Heap Max Capacity: 1982M
 Pre-touch: Disabled
 Parallel Workers: 8
 Concurrent Workers: 2
 Concurrent Refinement Workers: 8
 Periodic GC: Disabled
Heap:
 garbage-first heap   total 97280K, used 84737K [0x0000000084200000, 0x0000000100000000)
  region size 1024K, 30 young (30720K), 2 survivors (2048K)
 Metaspace       used 96342K, committed 97280K, reserved 1179648K
  class space    used 12525K, committed 12928K, reserved 1048576K
GC Heap History (20 events):
Event: 845.991 GC heap after
{Heap after GC invocations=53 (full 2):
 garbage-first heap   total 86016K, used 42365K [0x0000000084200000, 0x0000000100000000)
  region size 1024K, 0 young (0K), 0 survivors (0K)
 Metaspace       used 89633K, committed 90496K, reserved 1179648K
  class space    used 11720K, committed 12096K, reserved 1048576K
}
Event: 848.217 GC heap before
{Heap before GC invocations=53 (full 2):
 garbage-first heap   total 86016K, used 79229K [0x0000000084200000, 0x0000000100000000)
  region size 1024K, 36 young (36864K), 0 survivors (0K)
 Metaspace       used 89719K, committed 90624K, reserved 1179648K
  class space    used 11727K, committed 12160K, reserved 1048576K
}
Event: 848.224 GC heap after
{Heap after GC invocations=54 (full 2):
 garbage-first heap   total 86016K, used 45745K [0x0000000084200000, 0x0000000100000000)
  region size 1024K, 4 young (4096K), 4 survivors (4096K)
 Metaspace       used 89719K, committed 90624K, reserved 1179648K
  class space    used 11727K, committed 12160K, reserved 1048576K
}
Event: 849.147 GC heap before
{Heap before GC invocations=55 (full 2):
 garbage-first heap   total 86016K, used 74417K [0x0000000084200000, 0x0000000100000000)
  region size 1024K, 32 young (32768K), 4 survivors (4096K)
 Metaspace       used 89837K, committed 90752K, reserved 1179648K
  class space    used 11735K, committed 12160K, reserved 1048576K
}
Event: 849.153 GC heap after
{Heap after GC invocations=56 (full 2):
 garbage-first heap   total 86016K, used 47239K [0x0000000084200000, 0x0000000100000000)
  region size 1024K, 2 young (2048K), 2 survivors (2048K)
 Metaspace       used 89837K, committed 90752K, reserved 1179648K
  class space    used 11735K, committed 12160K, reserved 1048576K
}
Event: 850.249 GC heap before
{Heap before GC invocations=56 (full 2):
 garbage-first heap   total 86016K, used 76935K [0x0000000084200000, 0x0000000100000000)
  region size 1024K, 31 young (31744K), 2 survivors (2048K)
 Metaspace       used 90222K, committed 91136K, reserved 1179648K
  class space    used 11752K, committed 12160K, reserved 1048576K
}
Event: 850.254 GC heap after
{Heap after GC invocations=57 (full 2):
 garbage-first heap   total 86016K, used 49346K [0x0000000084200000, 0x0000000100000000)
  region size 1024K, 4 young (4096K), 4 survivors (4096K)
 Metaspace       used 90222K, committed 91136K, reserved 1179648K
  class space    used 11752K, committed 12160K, reserved 1048576K
}
Event: 850.905 GC heap before
{Heap before GC invocations=57 (full 2):
 garbage-first heap   total 86016K, used 74946K [0x0000000084200000, 0x0000000100000000)
  region size 1024K, 29 young (29696K), 4 survivors (4096K)
 Metaspace       used 90456K, committed 91392K, reserved 1179648K
  class space    used 11763K, committed 12224K, reserved 1048576K
}
Event: 850.912 GC heap after
{Heap after GC invocations=58 (full 2):
 garbage-first heap   total 86016K, used 50989K [0x0000000084200000, 0x0000000100000000)
  region size 1024K, 2 young (2048K), 2 survivors (2048K)
 Metaspace       used 90456K, committed 91392K, reserved 1179648K
  class space    used 11763K, committed 12224K, reserved 1048576K
}
Event: 851.326 GC heap before
{Heap before GC invocations=59 (full 2):
 garbage-first heap   total 94208K, used 76589K [0x0000000084200000, 0x0000000100000000)
  region size 1024K, 27 young (27648K), 2 survivors (2048K)
 Metaspace       used 90468K, committed 91392K, reserved 1179648K
  class space    used 11763K, committed 12224K, reserved 1048576K
}
Event: 851.330 GC heap after
{Heap after GC invocations=60 (full 2):
 garbage-first heap   total 94208K, used 51692K [0x0000000084200000, 0x0000000100000000)
  region size 1024K, 3 young (3072K), 3 survivors (3072K)
 Metaspace       used 90468K, committed 91392K, reserved 1179648K
  class space    used 11763K, committed 12224K, reserved 1048576K
}
Event: 851.754 GC heap before
{Heap before GC invocations=60 (full 2):
 garbage-first heap   total 94208K, used 83436K [0x0000000084200000, 0x0000000100000000)
  region size 1024K, 34 young (34816K), 3 survivors (3072K)
 Metaspace       used 90479K, committed 91392K, reserved 1179648K
  class space    used 11764K, committed 12224K, reserved 1048576K
}
Event: 851.759 GC heap after
{Heap after GC invocations=61 (full 2):
 garbage-first heap   total 94208K, used 53162K [0x0000000084200000, 0x0000000100000000)
  region size 1024K, 4 young (4096K), 4 survivors (4096K)
 Metaspace       used 90479K, committed 91392K, reserved 1179648K
  class space    used 11764K, committed 12224K, reserved 1048576K
}
Event: 893.100 GC heap before
{Heap before GC invocations=61 (full 2):
 garbage-first heap   total 94208K, used 81834K [0x0000000084200000, 0x0000000100000000)
  region size 1024K, 33 young (33792K), 4 survivors (4096K)
 Metaspace       used 92179K, committed 93056K, reserved 1179648K
  class space    used 11968K, committed 12352K, reserved 1048576K
}
Event: 893.108 GC heap after
{Heap after GC invocations=62 (full 2):
 garbage-first heap   total 94208K, used 55800K [0x0000000084200000, 0x0000000100000000)
  region size 1024K, 5 young (5120K), 5 survivors (5120K)
 Metaspace       used 92179K, committed 93056K, reserved 1179648K
  class space    used 11968K, committed 12352K, reserved 1048576K
}
Event: 943.134 GC heap before
{Heap before GC invocations=63 (full 2):
 garbage-first heap   total 97280K, used 81400K [0x0000000084200000, 0x0000000100000000)
  region size 1024K, 31 young (31744K), 5 survivors (5120K)
 Metaspace       used 95564K, committed 96512K, reserved 1179648K
  class space    used 12453K, committed 12864K, reserved 1048576K
}
Event: 943.139 GC heap after
{Heap after GC invocations=64 (full 2):
 garbage-first heap   total 97280K, used 56583K [0x0000000084200000, 0x0000000100000000)
  region size 1024K, 2 young (2048K), 2 survivors (2048K)
 Metaspace       used 95564K, committed 96512K, reserved 1179648K
  class space    used 12453K, committed 12864K, reserved 1048576K
}
Event: 1029.896 GC heap before
{Heap before GC invocations=64 (full 2):
 garbage-first heap   total 97280K, used 86279K [0x0000000084200000, 0x0000000100000000)
  region size 1024K, 32 young (32768K), 2 survivors (2048K)
 Metaspace       used 96325K, committed 97280K, reserved 1179648K
  class space    used 12524K, committed 12928K, reserved 1048576K
}
Event: 1029.899 GC heap after
{Heap after GC invocations=65 (full 2):
 garbage-first heap   total 97280K, used 57089K [0x0000000084200000, 0x0000000100000000)
  region size 1024K, 2 young (2048K), 2 survivors (2048K)
 Metaspace       used 96325K, committed 97280K, reserved 1179648K
  class space    used 12524K, committed 12928K, reserved 1048576K
}
Event: 1172.565 GC heap before
{Heap before GC invocations=65 (full 2):
 garbage-first heap   total 97280K, used 84737K [0x0000000084200000, 0x0000000100000000)
  region size 1024K, 30 young (30720K), 2 survivors (2048K)
 Metaspace       used 96342K, committed 97280K, reserved 1179648K
  class space    used 12525K, committed 12928K, reserved 1048576K
}

