# JRE version: Java(TM) SE Runtime Environment (23.0.1+11) (build 23.0.1+11-39)
# Java VM: Java HotSpot(TM) 64-Bit Server VM (23.0.1+11-39, mixed mode, sharing, tiered, compressed oops, compressed class ptrs, parallel gc, windows-amd64)
GC Precious Log:
 CardTable entry size: 512
 CPUs: 8 total, 8 available
 Memory: 7926M
 Large Page Support: Disabled
 NUMA Support: Disabled
 Compressed Oops: Enabled (32-bit)
 Alignments: Space 512K, Generation 512K, Heap 2M
 Heap Min Capacity: 100M
 Heap Initial Capacity: 100M
 Heap Max Capacity: 1G
 Pre-touch: Disabled
 Parallel Workers: 8
Heap:
 PSYoungGen      total 30720K, used 19283K [0x00000000eab00000, 0x00000000ecc00000, 0x0000000100000000)
  eden space 24064K, 75% used [0x00000000eab00000,0x00000000ebcdac28,0x00000000ec280000)
  from space 6656K, 15% used [0x00000000ec280000,0x00000000ec37a058,0x00000000ec900000)
  to   space 3072K, 0% used [0x00000000ec900000,0x00000000ec900000,0x00000000ecc00000)
 ParOldGen       total 68608K, used 33004K [0x00000000c0000000, 0x00000000c4300000, 0x00000000eab00000)
  object space 68608K, 48% used [0x00000000c0000000,0x00000000c203b1b0,0x00000000c4300000)
 Metaspace       used 41597K, committed 42688K, reserved 1114112K
  class space    used 4279K, committed 4800K, reserved 1048576K
GC Heap History (20 events):
Event: 15.751 GC heap before
{Heap before GC invocations=10 (full 1):
 PSYoungGen      total 28672K, used 28654K [0x00000000eab00000, 0x00000000ecf00000, 0x0000000100000000)
  eden space 24576K, 100% used [0x00000000eab00000,0x00000000ec300000,0x00000000ec300000)
  from space 4096K, 99% used [0x00000000ec880000,0x00000000ecc7b9e8,0x00000000ecc80000)
  to   space 5632K, 0% used [0x00000000ec300000,0x00000000ec300000,0x00000000ec880000)
 ParOldGen       total 68608K, used 11081K [0x00000000c0000000, 0x00000000c4300000, 0x00000000eab00000)
  object space 68608K, 16% used [0x00000000c0000000,0x00000000c0ad26f8,0x00000000c4300000)
 Metaspace       used 32322K, committed 33408K, reserved 1114112K
  class space    used 3310K, committed 3840K, reserved 1048576K
}
Event: 15.759 GC heap after
{Heap after GC invocations=10 (full 1):
 PSYoungGen      total 29696K, used 5133K [0x00000000eab00000, 0x00000000ecd80000, 0x0000000100000000)
  eden space 24064K, 0% used [0x00000000eab00000,0x00000000eab00000,0x00000000ec280000)
  from space 5632K, 91% used [0x00000000ec300000,0x00000000ec803518,0x00000000ec880000)
  to   space 5120K, 0% used [0x00000000ec880000,0x00000000ec880000,0x00000000ecd80000)
 ParOldGen       total 68608K, used 12541K [0x00000000c0000000, 0x00000000c4300000, 0x00000000eab00000)
  object space 68608K, 18% used [0x00000000c0000000,0x00000000c0c3f4d0,0x00000000c4300000)
 Metaspace       used 32322K, committed 33408K, reserved 1114112K
  class space    used 3310K, committed 3840K, reserved 1048576K
}
Event: 16.129 GC heap before
{Heap before GC invocations=11 (full 1):
 PSYoungGen      total 29696K, used 29197K [0x00000000eab00000, 0x00000000ecd80000, 0x0000000100000000)
  eden space 24064K, 100% used [0x00000000eab00000,0x00000000ec280000,0x00000000ec280000)
  from space 5632K, 91% used [0x00000000ec300000,0x00000000ec803518,0x00000000ec880000)
  to   space 5120K, 0% used [0x00000000ec880000,0x00000000ec880000,0x00000000ecd80000)
 ParOldGen       total 68608K, used 12541K [0x00000000c0000000, 0x00000000c4300000, 0x00000000eab00000)
  object space 68608K, 18% used [0x00000000c0000000,0x00000000c0c3f4d0,0x00000000c4300000)
 Metaspace       used 32509K, committed 33600K, reserved 1114112K
  class space    used 3321K, committed 3840K, reserved 1048576K
}
Event: 16.141 GC heap after
{Heap after GC invocations=11 (full 1):
 PSYoungGen      total 30208K, used 4753K [0x00000000eab00000, 0x00000000ecd80000, 0x0000000100000000)
  eden space 25088K, 0% used [0x00000000eab00000,0x00000000eab00000,0x00000000ec380000)
  from space 5120K, 92% used [0x00000000ec880000,0x00000000ecd244e0,0x00000000ecd80000)
  to   space 5120K, 0% used [0x00000000ec380000,0x00000000ec380000,0x00000000ec880000)
 ParOldGen       total 68608K, used 15192K [0x00000000c0000000, 0x00000000c4300000, 0x00000000eab00000)
  object space 68608K, 22% used [0x00000000c0000000,0x00000000c0ed63a0,0x00000000c4300000)
 Metaspace       used 32509K, committed 33600K, reserved 1114112K
  class space    used 3321K, committed 3840K, reserved 1048576K
}
Event: 16.383 GC heap before
{Heap before GC invocations=12 (full 1):
 PSYoungGen      total 30208K, used 29814K [0x00000000eab00000, 0x00000000ecd80000, 0x0000000100000000)
  eden space 25088K, 99% used [0x00000000eab00000,0x00000000ec379410,0x00000000ec380000)
  from space 5120K, 92% used [0x00000000ec880000,0x00000000ecd244e0,0x00000000ecd80000)
  to   space 5120K, 0% used [0x00000000ec380000,0x00000000ec380000,0x00000000ec880000)
 ParOldGen       total 68608K, used 15192K [0x00000000c0000000, 0x00000000c4300000, 0x00000000eab00000)
  object space 68608K, 22% used [0x00000000c0000000,0x00000000c0ed63a0,0x00000000c4300000)
 Metaspace       used 32672K, committed 33664K, reserved 1114112K
  class space    used 3333K, committed 3840K, reserved 1048576K
}
Event: 16.392 GC heap after
{Heap after GC invocations=12 (full 1):
 PSYoungGen      total 30208K, used 2859K [0x00000000eab00000, 0x00000000ecc00000, 0x0000000100000000)
  eden space 25088K, 0% used [0x00000000eab00000,0x00000000eab00000,0x00000000ec380000)
  from space 5120K, 55% used [0x00000000ec380000,0x00000000ec64ac78,0x00000000ec880000)
  to   space 3584K, 0% used [0x00000000ec880000,0x00000000ec880000,0x00000000ecc00000)
 ParOldGen       total 68608K, used 19689K [0x00000000c0000000, 0x00000000c4300000, 0x00000000eab00000)
  object space 68608K, 28% used [0x00000000c0000000,0x00000000c133a480,0x00000000c4300000)
 Metaspace       used 32672K, committed 33664K, reserved 1114112K
  class space    used 3333K, committed 3840K, reserved 1048576K
}
Event: 17.545 GC heap before
{Heap before GC invocations=13 (full 2):
 PSYoungGen      total 30208K, used 26357K [0x00000000eab00000, 0x00000000ecc00000, 0x0000000100000000)
  eden space 25088K, 93% used [0x00000000eab00000,0x00000000ec1f29f8,0x00000000ec380000)
  from space 5120K, 55% used [0x00000000ec380000,0x00000000ec64ac78,0x00000000ec880000)
  to   space 3584K, 0% used [0x00000000ec880000,0x00000000ec880000,0x00000000ecc00000)
 ParOldGen       total 68608K, used 19689K [0x00000000c0000000, 0x00000000c4300000, 0x00000000eab00000)
  object space 68608K, 28% used [0x00000000c0000000,0x00000000c133a480,0x00000000c4300000)
 Metaspace       used 34821K, committed 35840K, reserved 1114112K
  class space    used 3608K, committed 4096K, reserved 1048576K
}
Event: 17.588 GC heap after
{Heap after GC invocations=13 (full 2):
 PSYoungGen      total 30208K, used 0K [0x00000000eab00000, 0x00000000ecc00000, 0x0000000100000000)
  eden space 25088K, 0% used [0x00000000eab00000,0x00000000eab00000,0x00000000ec380000)
  from space 5120K, 0% used [0x00000000ec380000,0x00000000ec380000,0x00000000ec880000)
  to   space 3584K, 0% used [0x00000000ec880000,0x00000000ec880000,0x00000000ecc00000)
 ParOldGen       total 68608K, used 22516K [0x00000000c0000000, 0x00000000c4300000, 0x00000000eab00000)
  object space 68608K, 32% used [0x00000000c0000000,0x00000000c15fd1c0,0x00000000c4300000)
 Metaspace       used 34671K, committed 35840K, reserved 1114112K
  class space    used 3564K, committed 4096K, reserved 1048576K
}
Event: 19.383 GC heap before
{Heap before GC invocations=14 (full 2):
 PSYoungGen      total 30208K, used 25045K [0x00000000eab00000, 0x00000000ecc00000, 0x0000000100000000)
  eden space 25088K, 99% used [0x00000000eab00000,0x00000000ec375788,0x00000000ec380000)
  from space 5120K, 0% used [0x00000000ec380000,0x00000000ec380000,0x00000000ec880000)
  to   space 3584K, 0% used [0x00000000ec880000,0x00000000ec880000,0x00000000ecc00000)
 ParOldGen       total 68608K, used 22516K [0x00000000c0000000, 0x00000000c4300000, 0x00000000eab00000)
  object space 68608K, 32% used [0x00000000c0000000,0x00000000c15fd1c0,0x00000000c4300000)
 Metaspace       used 36464K, committed 37504K, reserved 1114112K
  class space    used 3749K, committed 4224K, reserved 1048576K
}
Event: 19.385 GC heap after
{Heap after GC invocations=14 (full 2):
 PSYoungGen      total 31744K, used 703K [0x00000000eab00000, 0x00000000ecc00000, 0x0000000100000000)
  eden space 28160K, 0% used [0x00000000eab00000,0x00000000eab00000,0x00000000ec680000)
  from space 3584K, 19% used [0x00000000ec880000,0x00000000ec92fea0,0x00000000ecc00000)
  to   space 2048K, 0% used [0x00000000ec680000,0x00000000ec680000,0x00000000ec880000)
 ParOldGen       total 68608K, used 22524K [0x00000000c0000000, 0x00000000c4300000, 0x00000000eab00000)
  object space 68608K, 32% used [0x00000000c0000000,0x00000000c15ff1c0,0x00000000c4300000)
 Metaspace       used 36464K, committed 37504K, reserved 1114112K
  class space    used 3749K, committed 4224K, reserved 1048576K
}
Event: 21.079 GC heap before
{Heap before GC invocations=15 (full 2):
 PSYoungGen      total 31744K, used 28863K [0x00000000eab00000, 0x00000000ecc00000, 0x0000000100000000)
  eden space 28160K, 100% used [0x00000000eab00000,0x00000000ec680000,0x00000000ec680000)
  from space 3584K, 19% used [0x00000000ec880000,0x00000000ec92fea0,0x00000000ecc00000)
  to   space 2048K, 0% used [0x00000000ec680000,0x00000000ec680000,0x00000000ec880000)
 ParOldGen       total 68608K, used 22524K [0x00000000c0000000, 0x00000000c4300000, 0x00000000eab00000)
  object space 68608K, 32% used [0x00000000c0000000,0x00000000c15ff1c0,0x00000000c4300000)
 Metaspace       used 37975K, committed 38976K, reserved 1114112K
  class space    used 3879K, committed 4352K, reserved 1048576K
}
Event: 21.085 GC heap after
{Heap after GC invocations=15 (full 2):
 PSYoungGen      total 30208K, used 2016K [0x00000000eab00000, 0x00000000ecc00000, 0x0000000100000000)
  eden space 28160K, 0% used [0x00000000eab00000,0x00000000eab00000,0x00000000ec680000)
  from space 2048K, 98% used [0x00000000ec680000,0x00000000ec878020,0x00000000ec880000)
  to   space 3072K, 0% used [0x00000000ec900000,0x00000000ec900000,0x00000000ecc00000)
 ParOldGen       total 68608K, used 23032K [0x00000000c0000000, 0x00000000c4300000, 0x00000000eab00000)
  object space 68608K, 33% used [0x00000000c0000000,0x00000000c167e2c0,0x00000000c4300000)
 Metaspace       used 37975K, committed 38976K, reserved 1114112K
  class space    used 3879K, committed 4352K, reserved 1048576K
}
Event: 21.660 GC heap before
{Heap before GC invocations=16 (full 2):
 PSYoungGen      total 30208K, used 30176K [0x00000000eab00000, 0x00000000ecc00000, 0x0000000100000000)
  eden space 28160K, 100% used [0x00000000eab00000,0x00000000ec680000,0x00000000ec680000)
  from space 2048K, 98% used [0x00000000ec680000,0x00000000ec878020,0x00000000ec880000)
  to   space 3072K, 0% used [0x00000000ec900000,0x00000000ec900000,0x00000000ecc00000)
 ParOldGen       total 68608K, used 23032K [0x00000000c0000000, 0x00000000c4300000, 0x00000000eab00000)
  object space 68608K, 33% used [0x00000000c0000000,0x00000000c167e2c0,0x00000000c4300000)
 Metaspace       used 38100K, committed 39104K, reserved 1114112K
  class space    used 3887K, committed 4352K, reserved 1048576K
}
Event: 21.674 GC heap after
{Heap after GC invocations=16 (full 2):
 PSYoungGen      total 30720K, used 2852K [0x00000000eab00000, 0x00000000ecc00000, 0x0000000100000000)
  eden space 27648K, 0% used [0x00000000eab00000,0x00000000eab00000,0x00000000ec600000)
  from space 3072K, 92% used [0x00000000ec900000,0x00000000ecbc9020,0x00000000ecc00000)
  to   space 3072K, 0% used [0x00000000ec600000,0x00000000ec600000,0x00000000ec900000)
 ParOldGen       total 68608K, used 24926K [0x00000000c0000000, 0x00000000c4300000, 0x00000000eab00000)
  object space 68608K, 36% used [0x00000000c0000000,0x00000000c18578d0,0x00000000c4300000)
 Metaspace       used 38100K, committed 39104K, reserved 1114112K
  class space    used 3887K, committed 4352K, reserved 1048576K
}
Event: 21.814 GC heap before
{Heap before GC invocations=17 (full 2):
 PSYoungGen      total 30720K, used 30500K [0x00000000eab00000, 0x00000000ecc00000, 0x0000000100000000)
  eden space 27648K, 100% used [0x00000000eab00000,0x00000000ec600000,0x00000000ec600000)
  from space 3072K, 92% used [0x00000000ec900000,0x00000000ecbc9020,0x00000000ecc00000)
  to   space 3072K, 0% used [0x00000000ec600000,0x00000000ec600000,0x00000000ec900000)
 ParOldGen       total 68608K, used 24926K [0x00000000c0000000, 0x00000000c4300000, 0x00000000eab00000)
  object space 68608K, 36% used [0x00000000c0000000,0x00000000c18578d0,0x00000000c4300000)
 Metaspace       used 38106K, committed 39104K, reserved 1114112K
  class space    used 3888K, committed 4352K, reserved 1048576K
}
Event: 21.832 GC heap after
{Heap after GC invocations=17 (full 2):
 PSYoungGen      total 30720K, used 2816K [0x00000000eab00000, 0x00000000ecc00000, 0x0000000100000000)
  eden space 27648K, 0% used [0x00000000eab00000,0x00000000eab00000,0x00000000ec600000)
  from space 3072K, 91% used [0x00000000ec600000,0x00000000ec8c0010,0x00000000ec900000)
  to   space 3072K, 0% used [0x00000000ec900000,0x00000000ec900000,0x00000000ecc00000)
 ParOldGen       total 68608K, used 27702K [0x00000000c0000000, 0x00000000c4300000, 0x00000000eab00000)
  object space 68608K, 40% used [0x00000000c0000000,0x00000000c1b0db70,0x00000000c4300000)
 Metaspace       used 38106K, committed 39104K, reserved 1114112K
  class space    used 3888K, committed 4352K, reserved 1048576K
}
Event: 23.017 GC heap before
{Heap before GC invocations=18 (full 2):
 PSYoungGen      total 30720K, used 30464K [0x00000000eab00000, 0x00000000ecc00000, 0x0000000100000000)
  eden space 27648K, 100% used [0x00000000eab00000,0x00000000ec600000,0x00000000ec600000)
  from space 3072K, 91% used [0x00000000ec600000,0x00000000ec8c0010,0x00000000ec900000)
  to   space 3072K, 0% used [0x00000000ec900000,0x00000000ec900000,0x00000000ecc00000)
 ParOldGen       total 68608K, used 27702K [0x00000000c0000000, 0x00000000c4300000, 0x00000000eab00000)
  object space 68608K, 40% used [0x00000000c0000000,0x00000000c1b0db70,0x00000000c4300000)
 Metaspace       used 39544K, committed 40576K, reserved 1114112K
  class space    used 4066K, committed 4544K, reserved 1048576K
}
Event: 23.028 GC heap after
{Heap after GC invocations=18 (full 2):
 PSYoungGen      total 27136K, used 3045K [0x00000000eab00000, 0x00000000ed280000, 0x0000000100000000)
  eden space 24064K, 0% used [0x00000000eab00000,0x00000000eab00000,0x00000000ec280000)
  from space 3072K, 99% used [0x00000000ec900000,0x00000000ecbf95a0,0x00000000ecc00000)
  to   space 6656K, 0% used [0x00000000ec280000,0x00000000ec280000,0x00000000ec900000)
 ParOldGen       total 68608K, used 30709K [0x00000000c0000000, 0x00000000c4300000, 0x00000000eab00000)
  object space 68608K, 44% used [0x00000000c0000000,0x00000000c1dfd5c0,0x00000000c4300000)
 Metaspace       used 39544K, committed 40576K, reserved 1114112K
  class space    used 4066K, committed 4544K, reserved 1048576K
}
Event: 23.479 GC heap before
{Heap before GC invocations=19 (full 2):
 PSYoungGen      total 27136K, used 27109K [0x00000000eab00000, 0x00000000ed280000, 0x0000000100000000)
  eden space 24064K, 100% used [0x00000000eab00000,0x00000000ec280000,0x00000000ec280000)
  from space 3072K, 99% used [0x00000000ec900000,0x00000000ecbf95a0,0x00000000ecc00000)
  to   space 6656K, 0% used [0x00000000ec280000,0x00000000ec280000,0x00000000ec900000)
 ParOldGen       total 68608K, used 30709K [0x00000000c0000000, 0x00000000c4300000, 0x00000000eab00000)
  object space 68608K, 44% used [0x00000000c0000000,0x00000000c1dfd5c0,0x00000000c4300000)
 Metaspace       used 39686K, committed 40704K, reserved 1114112K
  class space    used 4078K, committed 4544K, reserved 1048576K
}
Event: 23.488 GC heap after
{Heap after GC invocations=19 (full 2):
 PSYoungGen      total 30720K, used 1000K [0x00000000eab00000, 0x00000000ecc00000, 0x0000000100000000)
  eden space 24064K, 0% used [0x00000000eab00000,0x00000000eab00000,0x00000000ec280000)
  from space 6656K, 15% used [0x00000000ec280000,0x00000000ec37a058,0x00000000ec900000)
  to   space 3072K, 0% used [0x00000000ec900000,0x00000000ec900000,0x00000000ecc00000)
 ParOldGen       total 68608K, used 33004K [0x00000000c0000000, 0x00000000c4300000, 0x00000000eab00000)
  object space 68608K, 48% used [0x00000000c0000000,0x00000000c203b1b0,0x00000000c4300000)
 Metaspace       used 39686K, committed 40704K, reserved 1114112K
  class space    used 4078K, committed 4544K, reserved 1048576K
}

